                              1 ;--------------------------------------------------------
                              2 ; File Created by SDCC : free open source ANSI-C Compiler
                              3 ; Version 3.6.8 #9946 (Linux)
                              4 ;--------------------------------------------------------
                              5 	.module downPills
                              6 	.optsdcc -mz80
                              7 	
                              8 ;--------------------------------------------------------
                              9 ; Public variables in this module
                             10 ;--------------------------------------------------------
                             11 	.globl _sp_downPills_2
                             12 	.globl _sp_downPills_1
                             13 	.globl _sp_downPills_0
                             14 ;--------------------------------------------------------
                             15 ; special function registers
                             16 ;--------------------------------------------------------
                             17 ;--------------------------------------------------------
                             18 ; ram data
                             19 ;--------------------------------------------------------
                             20 	.area _DATA
                             21 ;--------------------------------------------------------
                             22 ; ram data
                             23 ;--------------------------------------------------------
                             24 	.area _INITIALIZED
                             25 ;--------------------------------------------------------
                             26 ; absolute external ram data
                             27 ;--------------------------------------------------------
                             28 	.area _DABS (ABS)
                             29 ;--------------------------------------------------------
                             30 ; global & static initialisations
                             31 ;--------------------------------------------------------
                             32 	.area _HOME
                             33 	.area _GSINIT
                             34 	.area _GSFINAL
                             35 	.area _GSINIT
                             36 ;--------------------------------------------------------
                             37 ; Home
                             38 ;--------------------------------------------------------
                             39 	.area _HOME
                             40 	.area _HOME
                             41 ;--------------------------------------------------------
                             42 ; code
                             43 ;--------------------------------------------------------
                             44 	.area _CODE
                             45 	.area _CODE
   0000                      46 _sp_downPills_0:
   0000 3C                   47 	.db #0x3c	; 60
   0001 78                   48 	.db #0x78	; 120	'x'
   0002 28                   49 	.db #0x28	; 40
   0003 3C                   50 	.db #0x3c	; 60
   0004 78                   51 	.db #0x78	; 120	'x'
   0005 28                   52 	.db #0x28	; 40
   0006 3C                   53 	.db #0x3c	; 60
   0007 78                   54 	.db #0x78	; 120	'x'
   0008 28                   55 	.db #0x28	; 40
   0009 3C                   56 	.db #0x3c	; 60
   000A 78                   57 	.db #0x78	; 120	'x'
   000B 28                   58 	.db #0x28	; 40
   000C 3C                   59 	.db #0x3c	; 60
   000D 78                   60 	.db #0x78	; 120	'x'
   000E 28                   61 	.db #0x28	; 40
   000F 14                   62 	.db #0x14	; 20
   0010 3C                   63 	.db #0x3c	; 60
   0011 00                   64 	.db #0x00	; 0
   0012 00                   65 	.db #0x00	; 0
   0013 00                   66 	.db #0x00	; 0
   0014 00                   67 	.db #0x00	; 0
   0015                      68 _sp_downPills_1:
   0015 30                   69 	.db #0x30	; 48	'0'
   0016 34                   70 	.db #0x34	; 52	'4'
   0017 20                   71 	.db #0x20	; 32
   0018 30                   72 	.db #0x30	; 48	'0'
   0019 34                   73 	.db #0x34	; 52	'4'
   001A 20                   74 	.db #0x20	; 32
   001B 30                   75 	.db #0x30	; 48	'0'
   001C 34                   76 	.db #0x34	; 52	'4'
   001D 20                   77 	.db #0x20	; 32
   001E 30                   78 	.db #0x30	; 48	'0'
   001F 34                   79 	.db #0x34	; 52	'4'
   0020 20                   80 	.db #0x20	; 32
   0021 30                   81 	.db #0x30	; 48	'0'
   0022 34                   82 	.db #0x34	; 52	'4'
   0023 20                   83 	.db #0x20	; 32
   0024 10                   84 	.db #0x10	; 16
   0025 30                   85 	.db #0x30	; 48	'0'
   0026 00                   86 	.db #0x00	; 0
   0027 00                   87 	.db #0x00	; 0
   0028 00                   88 	.db #0x00	; 0
   0029 00                   89 	.db #0x00	; 0
   002A                      90 _sp_downPills_2:
   002A 33                   91 	.db #0x33	; 51	'3'
   002B 27                   92 	.db #0x27	; 39
   002C 22                   93 	.db #0x22	; 34
   002D 33                   94 	.db #0x33	; 51	'3'
   002E 27                   95 	.db #0x27	; 39
   002F 22                   96 	.db #0x22	; 34
   0030 33                   97 	.db #0x33	; 51	'3'
   0031 27                   98 	.db #0x27	; 39
   0032 22                   99 	.db #0x22	; 34
   0033 33                  100 	.db #0x33	; 51	'3'
   0034 27                  101 	.db #0x27	; 39
   0035 22                  102 	.db #0x22	; 34
   0036 33                  103 	.db #0x33	; 51	'3'
   0037 27                  104 	.db #0x27	; 39
   0038 22                  105 	.db #0x22	; 34
   0039 11                  106 	.db #0x11	; 17
   003A 33                  107 	.db #0x33	; 51	'3'
   003B 00                  108 	.db #0x00	; 0
   003C 00                  109 	.db #0x00	; 0
   003D 00                  110 	.db #0x00	; 0
   003E 00                  111 	.db #0x00	; 0
                            112 	.area _INITIALIZER
                            113 	.area _CABS (ABS)
