                              1 ;--------------------------------------------------------
                              2 ; File Created by SDCC : free open source ANSI-C Compiler
                              3 ; Version 3.6.8 #9946 (Mac OS X x86_64)
                              4 ;--------------------------------------------------------
                              5 	.module scene1
                              6 	.optsdcc -mz80
                              7 	
                              8 ;--------------------------------------------------------
                              9 ; Public variables in this module
                             10 ;--------------------------------------------------------
                             11 	.globl _sp_scene1_17
                             12 	.globl _sp_scene1_16
                             13 	.globl _sp_scene1_15
                             14 	.globl _sp_scene1_14
                             15 	.globl _sp_scene1_13
                             16 	.globl _sp_scene1_12
                             17 	.globl _sp_scene1_11
                             18 	.globl _sp_scene1_10
                             19 	.globl _sp_scene1_09
                             20 	.globl _sp_scene1_08
                             21 	.globl _sp_scene1_07
                             22 	.globl _sp_scene1_06
                             23 	.globl _sp_scene1_05
                             24 	.globl _sp_scene1_04
                             25 	.globl _sp_scene1_03
                             26 	.globl _sp_scene1_02
                             27 	.globl _sp_scene1_01
                             28 	.globl _sp_scene1_00
                             29 ;--------------------------------------------------------
                             30 ; special function registers
                             31 ;--------------------------------------------------------
                             32 ;--------------------------------------------------------
                             33 ; ram data
                             34 ;--------------------------------------------------------
                             35 	.area _DATA
                             36 ;--------------------------------------------------------
                             37 ; ram data
                             38 ;--------------------------------------------------------
                             39 	.area _INITIALIZED
                             40 ;--------------------------------------------------------
                             41 ; absolute external ram data
                             42 ;--------------------------------------------------------
                             43 	.area _DABS (ABS)
                             44 ;--------------------------------------------------------
                             45 ; global & static initialisations
                             46 ;--------------------------------------------------------
                             47 	.area _HOME
                             48 	.area _GSINIT
                             49 	.area _GSFINAL
                             50 	.area _GSINIT
                             51 ;--------------------------------------------------------
                             52 ; Home
                             53 ;--------------------------------------------------------
                             54 	.area _HOME
                             55 	.area _HOME
                             56 ;--------------------------------------------------------
                             57 ; code
                             58 ;--------------------------------------------------------
                             59 	.area _CODE
                             60 	.area _CODE
   0000                      61 _sp_scene1_00:
   0000 CC                   62 	.db #0xcc	; 204
   0001 CC                   63 	.db #0xcc	; 204
   0002 CC                   64 	.db #0xcc	; 204
   0003 CC                   65 	.db #0xcc	; 204
   0004 CC                   66 	.db #0xcc	; 204
   0005 CC                   67 	.db #0xcc	; 204
   0006 CC                   68 	.db #0xcc	; 204
   0007 CC                   69 	.db #0xcc	; 204
   0008 4C                   70 	.db #0x4c	; 76	'L'
   0009 0C                   71 	.db #0x0c	; 12
   000A 0C                   72 	.db #0x0c	; 12
   000B 0C                   73 	.db #0x0c	; 12
   000C 0C                   74 	.db #0x0c	; 12
   000D 58                   75 	.db #0x58	; 88	'X'
   000E 58                   76 	.db #0x58	; 88	'X'
   000F 0C                   77 	.db #0x0c	; 12
   0010 0C                   78 	.db #0x0c	; 12
   0011 0C                   79 	.db #0x0c	; 12
   0012 8C                   80 	.db #0x8c	; 140
   0013 0C                   81 	.db #0x0c	; 12
   0014 58                   82 	.db #0x58	; 88	'X'
   0015 0C                   83 	.db #0x0c	; 12
   0016 0C                   84 	.db #0x0c	; 12
   0017 A4                   85 	.db #0xa4	; 164
   0018 0C                   86 	.db #0x0c	; 12
   0019 58                   87 	.db #0x58	; 88	'X'
   001A 0C                   88 	.db #0x0c	; 12
   001B 0C                   89 	.db #0x0c	; 12
   001C 4C                   90 	.db #0x4c	; 76	'L'
   001D 0C                   91 	.db #0x0c	; 12
   001E 4C                   92 	.db #0x4c	; 76	'L'
   001F 58                   93 	.db #0x58	; 88	'X'
   0020                      94 _sp_scene1_01:
   0020 44                   95 	.db #0x44	; 68	'D'
   0021 44                   96 	.db #0x44	; 68	'D'
   0022 44                   97 	.db #0x44	; 68	'D'
   0023 44                   98 	.db #0x44	; 68	'D'
   0024 00                   99 	.db #0x00	; 0
   0025 00                  100 	.db #0x00	; 0
   0026 00                  101 	.db #0x00	; 0
   0027 00                  102 	.db #0x00	; 0
   0028 CC                  103 	.db #0xcc	; 204
   0029 CC                  104 	.db #0xcc	; 204
   002A CC                  105 	.db #0xcc	; 204
   002B CC                  106 	.db #0xcc	; 204
   002C CC                  107 	.db #0xcc	; 204
   002D 44                  108 	.db #0x44	; 68	'D'
   002E 44                  109 	.db #0x44	; 68	'D'
   002F 44                  110 	.db #0x44	; 68	'D'
   0030 88                  111 	.db #0x88	; 136
   0031 88                  112 	.db #0x88	; 136
   0032 88                  113 	.db #0x88	; 136
   0033 CC                  114 	.db #0xcc	; 204
   0034 CC                  115 	.db #0xcc	; 204
   0035 44                  116 	.db #0x44	; 68	'D'
   0036 44                  117 	.db #0x44	; 68	'D'
   0037 44                  118 	.db #0x44	; 68	'D'
   0038 88                  119 	.db #0x88	; 136
   0039 88                  120 	.db #0x88	; 136
   003A 88                  121 	.db #0x88	; 136
   003B CC                  122 	.db #0xcc	; 204
   003C CC                  123 	.db #0xcc	; 204
   003D 44                  124 	.db #0x44	; 68	'D'
   003E 44                  125 	.db #0x44	; 68	'D'
   003F 44                  126 	.db #0x44	; 68	'D'
   0040                     127 _sp_scene1_02:
   0040 CC                  128 	.db #0xcc	; 204
   0041 CC                  129 	.db #0xcc	; 204
   0042 CC                  130 	.db #0xcc	; 204
   0043 CC                  131 	.db #0xcc	; 204
   0044 CC                  132 	.db #0xcc	; 204
   0045 44                  133 	.db #0x44	; 68	'D'
   0046 44                  134 	.db #0x44	; 68	'D'
   0047 44                  135 	.db #0x44	; 68	'D'
   0048 88                  136 	.db #0x88	; 136
   0049 88                  137 	.db #0x88	; 136
   004A 88                  138 	.db #0x88	; 136
   004B CC                  139 	.db #0xcc	; 204
   004C CC                  140 	.db #0xcc	; 204
   004D 44                  141 	.db #0x44	; 68	'D'
   004E 44                  142 	.db #0x44	; 68	'D'
   004F 44                  143 	.db #0x44	; 68	'D'
   0050 88                  144 	.db #0x88	; 136
   0051 88                  145 	.db #0x88	; 136
   0052 88                  146 	.db #0x88	; 136
   0053 CC                  147 	.db #0xcc	; 204
   0054 CC                  148 	.db #0xcc	; 204
   0055 44                  149 	.db #0x44	; 68	'D'
   0056 44                  150 	.db #0x44	; 68	'D'
   0057 44                  151 	.db #0x44	; 68	'D'
   0058 88                  152 	.db #0x88	; 136
   0059 88                  153 	.db #0x88	; 136
   005A 88                  154 	.db #0x88	; 136
   005B CC                  155 	.db #0xcc	; 204
   005C CC                  156 	.db #0xcc	; 204
   005D CC                  157 	.db #0xcc	; 204
   005E CC                  158 	.db #0xcc	; 204
   005F CC                  159 	.db #0xcc	; 204
   0060                     160 _sp_scene1_03:
   0060 00                  161 	.db #0x00	; 0
   0061 C3                  162 	.db #0xc3	; 195
   0062 C3                  163 	.db #0xc3	; 195
   0063 82                  164 	.db #0x82	; 130
   0064 00                  165 	.db #0x00	; 0
   0065 C3                  166 	.db #0xc3	; 195
   0066 C3                  167 	.db #0xc3	; 195
   0067 82                  168 	.db #0x82	; 130
   0068 41                  169 	.db #0x41	; 65	'A'
   0069 C3                  170 	.db #0xc3	; 195
   006A C3                  171 	.db #0xc3	; 195
   006B 82                  172 	.db #0x82	; 130
   006C 00                  173 	.db #0x00	; 0
   006D C3                  174 	.db #0xc3	; 195
   006E C3                  175 	.db #0xc3	; 195
   006F 82                  176 	.db #0x82	; 130
   0070 00                  177 	.db #0x00	; 0
   0071 C3                  178 	.db #0xc3	; 195
   0072 C3                  179 	.db #0xc3	; 195
   0073 82                  180 	.db #0x82	; 130
   0074 00                  181 	.db #0x00	; 0
   0075 C3                  182 	.db #0xc3	; 195
   0076 C3                  183 	.db #0xc3	; 195
   0077 82                  184 	.db #0x82	; 130
   0078 00                  185 	.db #0x00	; 0
   0079 C3                  186 	.db #0xc3	; 195
   007A C3                  187 	.db #0xc3	; 195
   007B 00                  188 	.db #0x00	; 0
   007C 00                  189 	.db #0x00	; 0
   007D C3                  190 	.db #0xc3	; 195
   007E C3                  191 	.db #0xc3	; 195
   007F 82                  192 	.db #0x82	; 130
   0080                     193 _sp_scene1_04:
   0080 C3                  194 	.db #0xc3	; 195
   0081 C3                  195 	.db #0xc3	; 195
   0082 C3                  196 	.db #0xc3	; 195
   0083 C3                  197 	.db #0xc3	; 195
   0084 C3                  198 	.db #0xc3	; 195
   0085 C3                  199 	.db #0xc3	; 195
   0086 C3                  200 	.db #0xc3	; 195
   0087 C3                  201 	.db #0xc3	; 195
   0088 C3                  202 	.db #0xc3	; 195
   0089 C3                  203 	.db #0xc3	; 195
   008A C3                  204 	.db #0xc3	; 195
   008B C3                  205 	.db #0xc3	; 195
   008C C3                  206 	.db #0xc3	; 195
   008D C3                  207 	.db #0xc3	; 195
   008E C3                  208 	.db #0xc3	; 195
   008F C3                  209 	.db #0xc3	; 195
   0090 C3                  210 	.db #0xc3	; 195
   0091 C3                  211 	.db #0xc3	; 195
   0092 C3                  212 	.db #0xc3	; 195
   0093 C3                  213 	.db #0xc3	; 195
   0094 C3                  214 	.db #0xc3	; 195
   0095 C3                  215 	.db #0xc3	; 195
   0096 C3                  216 	.db #0xc3	; 195
   0097 C3                  217 	.db #0xc3	; 195
   0098 C3                  218 	.db #0xc3	; 195
   0099 C3                  219 	.db #0xc3	; 195
   009A C3                  220 	.db #0xc3	; 195
   009B C3                  221 	.db #0xc3	; 195
   009C C3                  222 	.db #0xc3	; 195
   009D C3                  223 	.db #0xc3	; 195
   009E C3                  224 	.db #0xc3	; 195
   009F C3                  225 	.db #0xc3	; 195
   00A0                     226 _sp_scene1_05:
   00A0 00                  227 	.db #0x00	; 0
   00A1 00                  228 	.db #0x00	; 0
   00A2 00                  229 	.db #0x00	; 0
   00A3 00                  230 	.db #0x00	; 0
   00A4 00                  231 	.db #0x00	; 0
   00A5 00                  232 	.db #0x00	; 0
   00A6 41                  233 	.db #0x41	; 65	'A'
   00A7 C3                  234 	.db #0xc3	; 195
   00A8 00                  235 	.db #0x00	; 0
   00A9 41                  236 	.db #0x41	; 65	'A'
   00AA C3                  237 	.db #0xc3	; 195
   00AB C3                  238 	.db #0xc3	; 195
   00AC 00                  239 	.db #0x00	; 0
   00AD C3                  240 	.db #0xc3	; 195
   00AE C3                  241 	.db #0xc3	; 195
   00AF C3                  242 	.db #0xc3	; 195
   00B0 00                  243 	.db #0x00	; 0
   00B1 C3                  244 	.db #0xc3	; 195
   00B2 82                  245 	.db #0x82	; 130
   00B3 41                  246 	.db #0x41	; 65	'A'
   00B4 41                  247 	.db #0x41	; 65	'A'
   00B5 C3                  248 	.db #0xc3	; 195
   00B6 41                  249 	.db #0x41	; 65	'A'
   00B7 C3                  250 	.db #0xc3	; 195
   00B8 41                  251 	.db #0x41	; 65	'A'
   00B9 C3                  252 	.db #0xc3	; 195
   00BA C3                  253 	.db #0xc3	; 195
   00BB C3                  254 	.db #0xc3	; 195
   00BC 41                  255 	.db #0x41	; 65	'A'
   00BD C3                  256 	.db #0xc3	; 195
   00BE C3                  257 	.db #0xc3	; 195
   00BF C3                  258 	.db #0xc3	; 195
   00C0                     259 _sp_scene1_06:
   00C0 00                  260 	.db #0x00	; 0
   00C1 00                  261 	.db #0x00	; 0
   00C2 00                  262 	.db #0x00	; 0
   00C3 00                  263 	.db #0x00	; 0
   00C4 C3                  264 	.db #0xc3	; 195
   00C5 82                  265 	.db #0x82	; 130
   00C6 00                  266 	.db #0x00	; 0
   00C7 00                  267 	.db #0x00	; 0
   00C8 C3                  268 	.db #0xc3	; 195
   00C9 C3                  269 	.db #0xc3	; 195
   00CA 82                  270 	.db #0x82	; 130
   00CB 00                  271 	.db #0x00	; 0
   00CC C3                  272 	.db #0xc3	; 195
   00CD C3                  273 	.db #0xc3	; 195
   00CE C3                  274 	.db #0xc3	; 195
   00CF 00                  275 	.db #0x00	; 0
   00D0 C3                  276 	.db #0xc3	; 195
   00D1 C3                  277 	.db #0xc3	; 195
   00D2 C3                  278 	.db #0xc3	; 195
   00D3 00                  279 	.db #0x00	; 0
   00D4 C3                  280 	.db #0xc3	; 195
   00D5 C3                  281 	.db #0xc3	; 195
   00D6 C3                  282 	.db #0xc3	; 195
   00D7 82                  283 	.db #0x82	; 130
   00D8 C3                  284 	.db #0xc3	; 195
   00D9 C3                  285 	.db #0xc3	; 195
   00DA C3                  286 	.db #0xc3	; 195
   00DB 82                  287 	.db #0x82	; 130
   00DC C3                  288 	.db #0xc3	; 195
   00DD C3                  289 	.db #0xc3	; 195
   00DE C3                  290 	.db #0xc3	; 195
   00DF 82                  291 	.db #0x82	; 130
   00E0                     292 _sp_scene1_07:
   00E0 41                  293 	.db #0x41	; 65	'A'
   00E1 C3                  294 	.db #0xc3	; 195
   00E2 C3                  295 	.db #0xc3	; 195
   00E3 C3                  296 	.db #0xc3	; 195
   00E4 41                  297 	.db #0x41	; 65	'A'
   00E5 C3                  298 	.db #0xc3	; 195
   00E6 C3                  299 	.db #0xc3	; 195
   00E7 C3                  300 	.db #0xc3	; 195
   00E8 41                  301 	.db #0x41	; 65	'A'
   00E9 C3                  302 	.db #0xc3	; 195
   00EA C3                  303 	.db #0xc3	; 195
   00EB C3                  304 	.db #0xc3	; 195
   00EC 00                  305 	.db #0x00	; 0
   00ED C3                  306 	.db #0xc3	; 195
   00EE C3                  307 	.db #0xc3	; 195
   00EF C3                  308 	.db #0xc3	; 195
   00F0 00                  309 	.db #0x00	; 0
   00F1 C3                  310 	.db #0xc3	; 195
   00F2 C3                  311 	.db #0xc3	; 195
   00F3 C3                  312 	.db #0xc3	; 195
   00F4 00                  313 	.db #0x00	; 0
   00F5 41                  314 	.db #0x41	; 65	'A'
   00F6 C3                  315 	.db #0xc3	; 195
   00F7 C3                  316 	.db #0xc3	; 195
   00F8 00                  317 	.db #0x00	; 0
   00F9 00                  318 	.db #0x00	; 0
   00FA 41                  319 	.db #0x41	; 65	'A'
   00FB C3                  320 	.db #0xc3	; 195
   00FC 00                  321 	.db #0x00	; 0
   00FD 00                  322 	.db #0x00	; 0
   00FE 00                  323 	.db #0x00	; 0
   00FF 00                  324 	.db #0x00	; 0
   0100                     325 _sp_scene1_08:
   0100 C3                  326 	.db #0xc3	; 195
   0101 C3                  327 	.db #0xc3	; 195
   0102 C3                  328 	.db #0xc3	; 195
   0103 82                  329 	.db #0x82	; 130
   0104 C3                  330 	.db #0xc3	; 195
   0105 C3                  331 	.db #0xc3	; 195
   0106 C3                  332 	.db #0xc3	; 195
   0107 82                  333 	.db #0x82	; 130
   0108 C3                  334 	.db #0xc3	; 195
   0109 C3                  335 	.db #0xc3	; 195
   010A C3                  336 	.db #0xc3	; 195
   010B 82                  337 	.db #0x82	; 130
   010C C3                  338 	.db #0xc3	; 195
   010D C3                  339 	.db #0xc3	; 195
   010E C3                  340 	.db #0xc3	; 195
   010F 00                  341 	.db #0x00	; 0
   0110 C3                  342 	.db #0xc3	; 195
   0111 C3                  343 	.db #0xc3	; 195
   0112 C3                  344 	.db #0xc3	; 195
   0113 00                  345 	.db #0x00	; 0
   0114 C3                  346 	.db #0xc3	; 195
   0115 C3                  347 	.db #0xc3	; 195
   0116 82                  348 	.db #0x82	; 130
   0117 00                  349 	.db #0x00	; 0
   0118 C3                  350 	.db #0xc3	; 195
   0119 82                  351 	.db #0x82	; 130
   011A 00                  352 	.db #0x00	; 0
   011B 00                  353 	.db #0x00	; 0
   011C 00                  354 	.db #0x00	; 0
   011D 00                  355 	.db #0x00	; 0
   011E 00                  356 	.db #0x00	; 0
   011F 00                  357 	.db #0x00	; 0
   0120                     358 _sp_scene1_09:
   0120 C3                  359 	.db #0xc3	; 195
   0121 C3                  360 	.db #0xc3	; 195
   0122 C3                  361 	.db #0xc3	; 195
   0123 C3                  362 	.db #0xc3	; 195
   0124 C3                  363 	.db #0xc3	; 195
   0125 C3                  364 	.db #0xc3	; 195
   0126 C3                  365 	.db #0xc3	; 195
   0127 C3                  366 	.db #0xc3	; 195
   0128 C3                  367 	.db #0xc3	; 195
   0129 C3                  368 	.db #0xc3	; 195
   012A C3                  369 	.db #0xc3	; 195
   012B C3                  370 	.db #0xc3	; 195
   012C C3                  371 	.db #0xc3	; 195
   012D C3                  372 	.db #0xc3	; 195
   012E C3                  373 	.db #0xc3	; 195
   012F C3                  374 	.db #0xc3	; 195
   0130 C3                  375 	.db #0xc3	; 195
   0131 C3                  376 	.db #0xc3	; 195
   0132 C3                  377 	.db #0xc3	; 195
   0133 C3                  378 	.db #0xc3	; 195
   0134 C3                  379 	.db #0xc3	; 195
   0135 C3                  380 	.db #0xc3	; 195
   0136 C3                  381 	.db #0xc3	; 195
   0137 C3                  382 	.db #0xc3	; 195
   0138 C3                  383 	.db #0xc3	; 195
   0139 C3                  384 	.db #0xc3	; 195
   013A C3                  385 	.db #0xc3	; 195
   013B C3                  386 	.db #0xc3	; 195
   013C C3                  387 	.db #0xc3	; 195
   013D C3                  388 	.db #0xc3	; 195
   013E C3                  389 	.db #0xc3	; 195
   013F C3                  390 	.db #0xc3	; 195
   0140                     391 _sp_scene1_10:
   0140 00                  392 	.db #0x00	; 0
   0141 C3                  393 	.db #0xc3	; 195
   0142 D2                  394 	.db #0xd2	; 210
   0143 00                  395 	.db #0x00	; 0
   0144 00                  396 	.db #0x00	; 0
   0145 C3                  397 	.db #0xc3	; 195
   0146 D2                  398 	.db #0xd2	; 210
   0147 00                  399 	.db #0x00	; 0
   0148 00                  400 	.db #0x00	; 0
   0149 C3                  401 	.db #0xc3	; 195
   014A C3                  402 	.db #0xc3	; 195
   014B 00                  403 	.db #0x00	; 0
   014C 00                  404 	.db #0x00	; 0
   014D C3                  405 	.db #0xc3	; 195
   014E E1                  406 	.db #0xe1	; 225
   014F 00                  407 	.db #0x00	; 0
   0150 00                  408 	.db #0x00	; 0
   0151 C3                  409 	.db #0xc3	; 195
   0152 C3                  410 	.db #0xc3	; 195
   0153 00                  411 	.db #0x00	; 0
   0154 00                  412 	.db #0x00	; 0
   0155 D2                  413 	.db #0xd2	; 210
   0156 C3                  414 	.db #0xc3	; 195
   0157 00                  415 	.db #0x00	; 0
   0158 00                  416 	.db #0x00	; 0
   0159 C3                  417 	.db #0xc3	; 195
   015A D2                  418 	.db #0xd2	; 210
   015B 00                  419 	.db #0x00	; 0
   015C 00                  420 	.db #0x00	; 0
   015D C3                  421 	.db #0xc3	; 195
   015E D2                  422 	.db #0xd2	; 210
   015F 00                  423 	.db #0x00	; 0
   0160                     424 _sp_scene1_11:
   0160 00                  425 	.db #0x00	; 0
   0161 00                  426 	.db #0x00	; 0
   0162 00                  427 	.db #0x00	; 0
   0163 00                  428 	.db #0x00	; 0
   0164 00                  429 	.db #0x00	; 0
   0165 00                  430 	.db #0x00	; 0
   0166 00                  431 	.db #0x00	; 0
   0167 00                  432 	.db #0x00	; 0
   0168 00                  433 	.db #0x00	; 0
   0169 00                  434 	.db #0x00	; 0
   016A 00                  435 	.db #0x00	; 0
   016B C3                  436 	.db #0xc3	; 195
   016C 00                  437 	.db #0x00	; 0
   016D 00                  438 	.db #0x00	; 0
   016E C3                  439 	.db #0xc3	; 195
   016F C3                  440 	.db #0xc3	; 195
   0170 00                  441 	.db #0x00	; 0
   0171 C3                  442 	.db #0xc3	; 195
   0172 C3                  443 	.db #0xc3	; 195
   0173 C3                  444 	.db #0xc3	; 195
   0174 00                  445 	.db #0x00	; 0
   0175 C3                  446 	.db #0xc3	; 195
   0176 C3                  447 	.db #0xc3	; 195
   0177 C3                  448 	.db #0xc3	; 195
   0178 00                  449 	.db #0x00	; 0
   0179 C3                  450 	.db #0xc3	; 195
   017A C3                  451 	.db #0xc3	; 195
   017B C3                  452 	.db #0xc3	; 195
   017C 00                  453 	.db #0x00	; 0
   017D C3                  454 	.db #0xc3	; 195
   017E C3                  455 	.db #0xc3	; 195
   017F 00                  456 	.db #0x00	; 0
   0180                     457 _sp_scene1_12:
   0180 00                  458 	.db #0x00	; 0
   0181 00                  459 	.db #0x00	; 0
   0182 00                  460 	.db #0x00	; 0
   0183 00                  461 	.db #0x00	; 0
   0184 00                  462 	.db #0x00	; 0
   0185 00                  463 	.db #0x00	; 0
   0186 00                  464 	.db #0x00	; 0
   0187 00                  465 	.db #0x00	; 0
   0188 C3                  466 	.db #0xc3	; 195
   0189 00                  467 	.db #0x00	; 0
   018A 00                  468 	.db #0x00	; 0
   018B 00                  469 	.db #0x00	; 0
   018C C3                  470 	.db #0xc3	; 195
   018D C3                  471 	.db #0xc3	; 195
   018E 00                  472 	.db #0x00	; 0
   018F 00                  473 	.db #0x00	; 0
   0190 C3                  474 	.db #0xc3	; 195
   0191 C3                  475 	.db #0xc3	; 195
   0192 C3                  476 	.db #0xc3	; 195
   0193 00                  477 	.db #0x00	; 0
   0194 C3                  478 	.db #0xc3	; 195
   0195 C3                  479 	.db #0xc3	; 195
   0196 C3                  480 	.db #0xc3	; 195
   0197 00                  481 	.db #0x00	; 0
   0198 C3                  482 	.db #0xc3	; 195
   0199 C3                  483 	.db #0xc3	; 195
   019A C3                  484 	.db #0xc3	; 195
   019B 00                  485 	.db #0x00	; 0
   019C 00                  486 	.db #0x00	; 0
   019D C3                  487 	.db #0xc3	; 195
   019E C3                  488 	.db #0xc3	; 195
   019F 00                  489 	.db #0x00	; 0
   01A0                     490 _sp_scene1_13:
   01A0 00                  491 	.db #0x00	; 0
   01A1 E1                  492 	.db #0xe1	; 225
   01A2 C3                  493 	.db #0xc3	; 195
   01A3 00                  494 	.db #0x00	; 0
   01A4 00                  495 	.db #0x00	; 0
   01A5 E1                  496 	.db #0xe1	; 225
   01A6 C3                  497 	.db #0xc3	; 195
   01A7 00                  498 	.db #0x00	; 0
   01A8 00                  499 	.db #0x00	; 0
   01A9 C3                  500 	.db #0xc3	; 195
   01AA C3                  501 	.db #0xc3	; 195
   01AB 00                  502 	.db #0x00	; 0
   01AC 00                  503 	.db #0x00	; 0
   01AD D2                  504 	.db #0xd2	; 210
   01AE C3                  505 	.db #0xc3	; 195
   01AF 00                  506 	.db #0x00	; 0
   01B0 00                  507 	.db #0x00	; 0
   01B1 C3                  508 	.db #0xc3	; 195
   01B2 C3                  509 	.db #0xc3	; 195
   01B3 00                  510 	.db #0x00	; 0
   01B4 00                  511 	.db #0x00	; 0
   01B5 C3                  512 	.db #0xc3	; 195
   01B6 E1                  513 	.db #0xe1	; 225
   01B7 00                  514 	.db #0x00	; 0
   01B8 00                  515 	.db #0x00	; 0
   01B9 E1                  516 	.db #0xe1	; 225
   01BA C3                  517 	.db #0xc3	; 195
   01BB 00                  518 	.db #0x00	; 0
   01BC 00                  519 	.db #0x00	; 0
   01BD E1                  520 	.db #0xe1	; 225
   01BE C3                  521 	.db #0xc3	; 195
   01BF 00                  522 	.db #0x00	; 0
   01C0                     523 _sp_scene1_14:
   01C0 00                  524 	.db #0x00	; 0
   01C1 00                  525 	.db #0x00	; 0
   01C2 00                  526 	.db #0x00	; 0
   01C3 00                  527 	.db #0x00	; 0
   01C4 00                  528 	.db #0x00	; 0
   01C5 00                  529 	.db #0x00	; 0
   01C6 00                  530 	.db #0x00	; 0
   01C7 00                  531 	.db #0x00	; 0
   01C8 00                  532 	.db #0x00	; 0
   01C9 00                  533 	.db #0x00	; 0
   01CA 00                  534 	.db #0x00	; 0
   01CB 00                  535 	.db #0x00	; 0
   01CC 00                  536 	.db #0x00	; 0
   01CD 00                  537 	.db #0x00	; 0
   01CE 00                  538 	.db #0x00	; 0
   01CF 00                  539 	.db #0x00	; 0
   01D0 00                  540 	.db #0x00	; 0
   01D1 00                  541 	.db #0x00	; 0
   01D2 00                  542 	.db #0x00	; 0
   01D3 00                  543 	.db #0x00	; 0
   01D4 00                  544 	.db #0x00	; 0
   01D5 00                  545 	.db #0x00	; 0
   01D6 00                  546 	.db #0x00	; 0
   01D7 00                  547 	.db #0x00	; 0
   01D8 00                  548 	.db #0x00	; 0
   01D9 00                  549 	.db #0x00	; 0
   01DA 00                  550 	.db #0x00	; 0
   01DB 00                  551 	.db #0x00	; 0
   01DC 00                  552 	.db #0x00	; 0
   01DD 00                  553 	.db #0x00	; 0
   01DE 00                  554 	.db #0x00	; 0
   01DF 00                  555 	.db #0x00	; 0
   01E0                     556 _sp_scene1_15:
   01E0 00                  557 	.db #0x00	; 0
   01E1 00                  558 	.db #0x00	; 0
   01E2 00                  559 	.db #0x00	; 0
   01E3 00                  560 	.db #0x00	; 0
   01E4 00                  561 	.db #0x00	; 0
   01E5 00                  562 	.db #0x00	; 0
   01E6 00                  563 	.db #0x00	; 0
   01E7 00                  564 	.db #0x00	; 0
   01E8 00                  565 	.db #0x00	; 0
   01E9 00                  566 	.db #0x00	; 0
   01EA 00                  567 	.db #0x00	; 0
   01EB 00                  568 	.db #0x00	; 0
   01EC 00                  569 	.db #0x00	; 0
   01ED 00                  570 	.db #0x00	; 0
   01EE 00                  571 	.db #0x00	; 0
   01EF 00                  572 	.db #0x00	; 0
   01F0 00                  573 	.db #0x00	; 0
   01F1 00                  574 	.db #0x00	; 0
   01F2 00                  575 	.db #0x00	; 0
   01F3 00                  576 	.db #0x00	; 0
   01F4 00                  577 	.db #0x00	; 0
   01F5 00                  578 	.db #0x00	; 0
   01F6 00                  579 	.db #0x00	; 0
   01F7 00                  580 	.db #0x00	; 0
   01F8 00                  581 	.db #0x00	; 0
   01F9 00                  582 	.db #0x00	; 0
   01FA 00                  583 	.db #0x00	; 0
   01FB 00                  584 	.db #0x00	; 0
   01FC 00                  585 	.db #0x00	; 0
   01FD 00                  586 	.db #0x00	; 0
   01FE 00                  587 	.db #0x00	; 0
   01FF 00                  588 	.db #0x00	; 0
   0200                     589 _sp_scene1_16:
   0200 00                  590 	.db #0x00	; 0
   0201 00                  591 	.db #0x00	; 0
   0202 00                  592 	.db #0x00	; 0
   0203 00                  593 	.db #0x00	; 0
   0204 00                  594 	.db #0x00	; 0
   0205 00                  595 	.db #0x00	; 0
   0206 00                  596 	.db #0x00	; 0
   0207 00                  597 	.db #0x00	; 0
   0208 00                  598 	.db #0x00	; 0
   0209 00                  599 	.db #0x00	; 0
   020A 00                  600 	.db #0x00	; 0
   020B 00                  601 	.db #0x00	; 0
   020C 00                  602 	.db #0x00	; 0
   020D 00                  603 	.db #0x00	; 0
   020E 00                  604 	.db #0x00	; 0
   020F 00                  605 	.db #0x00	; 0
   0210 00                  606 	.db #0x00	; 0
   0211 00                  607 	.db #0x00	; 0
   0212 00                  608 	.db #0x00	; 0
   0213 00                  609 	.db #0x00	; 0
   0214 00                  610 	.db #0x00	; 0
   0215 00                  611 	.db #0x00	; 0
   0216 00                  612 	.db #0x00	; 0
   0217 00                  613 	.db #0x00	; 0
   0218 00                  614 	.db #0x00	; 0
   0219 00                  615 	.db #0x00	; 0
   021A 00                  616 	.db #0x00	; 0
   021B 00                  617 	.db #0x00	; 0
   021C 00                  618 	.db #0x00	; 0
   021D 00                  619 	.db #0x00	; 0
   021E 00                  620 	.db #0x00	; 0
   021F 00                  621 	.db #0x00	; 0
   0220                     622 _sp_scene1_17:
   0220 00                  623 	.db #0x00	; 0
   0221 00                  624 	.db #0x00	; 0
   0222 00                  625 	.db #0x00	; 0
   0223 00                  626 	.db #0x00	; 0
   0224 00                  627 	.db #0x00	; 0
   0225 00                  628 	.db #0x00	; 0
   0226 00                  629 	.db #0x00	; 0
   0227 00                  630 	.db #0x00	; 0
   0228 00                  631 	.db #0x00	; 0
   0229 00                  632 	.db #0x00	; 0
   022A 00                  633 	.db #0x00	; 0
   022B 00                  634 	.db #0x00	; 0
   022C 00                  635 	.db #0x00	; 0
   022D 00                  636 	.db #0x00	; 0
   022E 00                  637 	.db #0x00	; 0
   022F 00                  638 	.db #0x00	; 0
   0230 00                  639 	.db #0x00	; 0
   0231 00                  640 	.db #0x00	; 0
   0232 00                  641 	.db #0x00	; 0
   0233 00                  642 	.db #0x00	; 0
   0234 00                  643 	.db #0x00	; 0
   0235 00                  644 	.db #0x00	; 0
   0236 00                  645 	.db #0x00	; 0
   0237 00                  646 	.db #0x00	; 0
   0238 00                  647 	.db #0x00	; 0
   0239 00                  648 	.db #0x00	; 0
   023A 00                  649 	.db #0x00	; 0
   023B 00                  650 	.db #0x00	; 0
   023C 00                  651 	.db #0x00	; 0
   023D 00                  652 	.db #0x00	; 0
   023E 00                  653 	.db #0x00	; 0
   023F 00                  654 	.db #0x00	; 0
                            655 	.area _INITIALIZER
                            656 	.area _CABS (ABS)
