                              1 ;--------------------------------------------------------
                              2 ; File Created by SDCC : free open source ANSI-C Compiler
                              3 ; Version 3.6.8 #9946 (Mac OS X x86_64)
                              4 ;--------------------------------------------------------
                              5 	.module upPills
                              6 	.optsdcc -mz80
                              7 	
                              8 ;--------------------------------------------------------
                              9 ; Public variables in this module
                             10 ;--------------------------------------------------------
                             11 	.globl _sp_upPills_2
                             12 	.globl _sp_upPills_1
                             13 	.globl _sp_upPills_0
                             14 	.globl _sp_palette
                             15 ;--------------------------------------------------------
                             16 ; special function registers
                             17 ;--------------------------------------------------------
                             18 ;--------------------------------------------------------
                             19 ; ram data
                             20 ;--------------------------------------------------------
                             21 	.area _DATA
                             22 ;--------------------------------------------------------
                             23 ; ram data
                             24 ;--------------------------------------------------------
                             25 	.area _INITIALIZED
                             26 ;--------------------------------------------------------
                             27 ; absolute external ram data
                             28 ;--------------------------------------------------------
                             29 	.area _DABS (ABS)
                             30 ;--------------------------------------------------------
                             31 ; global & static initialisations
                             32 ;--------------------------------------------------------
                             33 	.area _HOME
                             34 	.area _GSINIT
                             35 	.area _GSFINAL
                             36 	.area _GSINIT
                             37 ;--------------------------------------------------------
                             38 ; Home
                             39 ;--------------------------------------------------------
                             40 	.area _HOME
                             41 	.area _HOME
                             42 ;--------------------------------------------------------
                             43 ; code
                             44 ;--------------------------------------------------------
                             45 	.area _CODE
                             46 	.area _CODE
   0000                      47 _sp_palette:
   0000 54                   48 	.db #0x54	; 84	'T'
   0001 4D                   49 	.db #0x4d	; 77	'M'
   0002 40                   50 	.db #0x40	; 64
   0003 5C                   51 	.db #0x5c	; 92
   0004 4C                   52 	.db #0x4c	; 76	'L'
   0005 4E                   53 	.db #0x4e	; 78	'N'
   0006 4A                   54 	.db #0x4a	; 74	'J'
   0007 52                   55 	.db #0x52	; 82	'R'
   0008 56                   56 	.db #0x56	; 86	'V'
   0009 5E                   57 	.db #0x5e	; 94
   000A 53                   58 	.db #0x53	; 83	'S'
   000B 5F                   59 	.db #0x5f	; 95
   000C 55                   60 	.db #0x55	; 85	'U'
   000D 58                   61 	.db #0x58	; 88	'X'
   000E 44                   62 	.db #0x44	; 68	'D'
   000F 4B                   63 	.db #0x4b	; 75	'K'
   0010                      64 _sp_upPills_0:
   0010 14                   65 	.db #0x14	; 20
   0011 B4                   66 	.db #0xb4	; 180
   0012 00                   67 	.db #0x00	; 0
   0013 3C                   68 	.db #0x3c	; 60
   0014 78                   69 	.db #0x78	; 120	'x'
   0015 28                   70 	.db #0x28	; 40
   0016 3C                   71 	.db #0x3c	; 60
   0017 78                   72 	.db #0x78	; 120	'x'
   0018 28                   73 	.db #0x28	; 40
   0019 3C                   74 	.db #0x3c	; 60
   001A 78                   75 	.db #0x78	; 120	'x'
   001B 28                   76 	.db #0x28	; 40
   001C 3C                   77 	.db #0x3c	; 60
   001D 78                   78 	.db #0x78	; 120	'x'
   001E 28                   79 	.db #0x28	; 40
   001F 3C                   80 	.db #0x3c	; 60
   0020 78                   81 	.db #0x78	; 120	'x'
   0021 28                   82 	.db #0x28	; 40
   0022 00                   83 	.db #0x00	; 0
   0023 00                   84 	.db #0x00	; 0
   0024 00                   85 	.db #0x00	; 0
   0025                      86 _sp_upPills_1:
   0025 10                   87 	.db #0x10	; 16
   0026 38                   88 	.db #0x38	; 56	'8'
   0027 00                   89 	.db #0x00	; 0
   0028 30                   90 	.db #0x30	; 48	'0'
   0029 34                   91 	.db #0x34	; 52	'4'
   002A 20                   92 	.db #0x20	; 32
   002B 30                   93 	.db #0x30	; 48	'0'
   002C 34                   94 	.db #0x34	; 52	'4'
   002D 20                   95 	.db #0x20	; 32
   002E 30                   96 	.db #0x30	; 48	'0'
   002F 34                   97 	.db #0x34	; 52	'4'
   0030 20                   98 	.db #0x20	; 32
   0031 30                   99 	.db #0x30	; 48	'0'
   0032 34                  100 	.db #0x34	; 52	'4'
   0033 20                  101 	.db #0x20	; 32
   0034 30                  102 	.db #0x30	; 48	'0'
   0035 34                  103 	.db #0x34	; 52	'4'
   0036 20                  104 	.db #0x20	; 32
   0037 00                  105 	.db #0x00	; 0
   0038 00                  106 	.db #0x00	; 0
   0039 00                  107 	.db #0x00	; 0
   003A                     108 _sp_upPills_2:
   003A 11                  109 	.db #0x11	; 17
   003B 1B                  110 	.db #0x1b	; 27
   003C 00                  111 	.db #0x00	; 0
   003D 33                  112 	.db #0x33	; 51	'3'
   003E 27                  113 	.db #0x27	; 39
   003F 22                  114 	.db #0x22	; 34
   0040 33                  115 	.db #0x33	; 51	'3'
   0041 27                  116 	.db #0x27	; 39
   0042 22                  117 	.db #0x22	; 34
   0043 33                  118 	.db #0x33	; 51	'3'
   0044 27                  119 	.db #0x27	; 39
   0045 22                  120 	.db #0x22	; 34
   0046 33                  121 	.db #0x33	; 51	'3'
   0047 27                  122 	.db #0x27	; 39
   0048 22                  123 	.db #0x22	; 34
   0049 33                  124 	.db #0x33	; 51	'3'
   004A 27                  125 	.db #0x27	; 39
   004B 22                  126 	.db #0x22	; 34
   004C 00                  127 	.db #0x00	; 0
   004D 00                  128 	.db #0x00	; 0
   004E 00                  129 	.db #0x00	; 0
                            130 	.area _INITIALIZER
                            131 	.area _CABS (ABS)
