ASxxxx Assembler V02.00 + NoICE + SDCC mods  (Zilog Z80 / Hitachi HD64180), page 1.
Hexadecimal [16-Bits]



                              1 ;;-----------------------------LICENSE NOTICE------------------------------------
                              2 ;;  This file is part of CPCtelera: An Amstrad CPC Game Engine 
                              3 ;;  Copyright (C) 2018 ronaldo / Fremos / Cheesetea / ByteRealms (@FranGallegoBR)
                              4 ;;
                              5 ;;  This program is free software: you can redistribute it and/or modify
                              6 ;;  it under the terms of the GNU Lesser General Public License as published by
                              7 ;;  the Free Software Foundation, either version 3 of the License, or
                              8 ;;  (at your option) any later version.
                              9 ;;
                             10 ;;  This program is distributed in the hope that it will be useful,
                             11 ;;  but WITHOUT ANY WARRANTY; without even the implied warranty of
                             12 ;;  MERCHANTABILITY or FITNESS FOR A PARTICULAR PURPOSE.  See the
                             13 ;;  GNU Lesser General Public License for more details.
                             14 ;;
                             15 ;;  You should have received a copy of the GNU Lesser General Public License
                             16 ;;  along with this program.  If not, see <http://www.gnu.org/licenses/>.
                             17 ;;-------------------------------------------------------------------------------
                             18 
                             19 ;; 
                             20 ;; Declare all function entry points as global symbols for the compiler.
                             21 ;; (The linker will know what to do with them)
                             22 ;; WARNING: Every global symbol declared will be linked, so DO NOT declare 
                             23 ;; symbols for functions you do not use.
                             24 ;;
                             25 .globl cpct_disableFirmware_asm
                             26 .globl cpct_getScreenPtr_asm
                             27 .globl cpct_drawSpriteBlended_asm
                             28 .globl cpct_setVideoMode_asm
                             29 .globl cpct_scanKeyboard_asm
                             30 .globl cpct_isKeyPressed_asm
                             31 .globl cpct_px2byteM0_asm
                             32 .globl cpct_setPalette_asm
                             33 .globl cpct_etm_setDrawTilemap4x8_ag_asm
                             34 .globl _sp_palette
                             35 .globl _sp_upPills_0
                             36 .globl _sp_upPills_1
                             37 .globl _sp_upPills_2
                             38 .globl _sp_downPills_0
                             39 .globl _sp_downPills_1
                             40 .globl _sp_downPills_2
                             41 .globl _sp_leftPills_0
                             42 .globl _sp_leftPills_1
                             43 .globl _sp_leftPills_2
                             44 .globl _sp_rightPills_0
                             45 .globl _sp_rightPills_1
                             46 .globl _sp_rightPills_2
                             47 .globl _sp_blocks_0
                             48 .globl _sp_blocks_1
                             49 .globl _sp_blocks_2
                             50 .globl _sp_scene1_00
