                              1 ;--------------------------------------------------------
                              2 ; File Created by SDCC : free open source ANSI-C Compiler
                              3 ; Version 3.6.8 #9946 (Mac OS X x86_64)
                              4 ;--------------------------------------------------------
                              5 	.module scene1
                              6 	.optsdcc -mz80
                              7 	
                              8 ;--------------------------------------------------------
                              9 ; Public variables in this module
                             10 ;--------------------------------------------------------
                             11 	.globl _g_tileset_29
                             12 	.globl _g_tileset_28
                             13 	.globl _g_tileset_27
                             14 	.globl _g_tileset_26
                             15 	.globl _g_tileset_25
                             16 	.globl _g_tileset_24
                             17 	.globl _g_tileset_23
                             18 	.globl _g_tileset_22
                             19 	.globl _g_tileset_21
                             20 	.globl _g_tileset_20
                             21 	.globl _g_tileset_19
                             22 	.globl _g_tileset_18
                             23 	.globl _g_tileset_17
                             24 	.globl _g_tileset_16
                             25 	.globl _g_tileset_15
                             26 	.globl _g_tileset_14
                             27 	.globl _g_tileset_13
                             28 	.globl _g_tileset_12
                             29 	.globl _g_tileset_11
                             30 	.globl _g_tileset_10
                             31 	.globl _g_tileset_09
                             32 	.globl _g_tileset_08
                             33 	.globl _g_tileset_07
                             34 	.globl _g_tileset_06
                             35 	.globl _g_tileset_05
                             36 	.globl _g_tileset_04
                             37 	.globl _g_tileset_03
                             38 	.globl _g_tileset_02
                             39 	.globl _g_tileset_01
                             40 	.globl _g_tileset_00
                             41 ;--------------------------------------------------------
                             42 ; special function registers
                             43 ;--------------------------------------------------------
                             44 ;--------------------------------------------------------
                             45 ; ram data
                             46 ;--------------------------------------------------------
                             47 	.area _DATA
                             48 ;--------------------------------------------------------
                             49 ; ram data
                             50 ;--------------------------------------------------------
                             51 	.area _INITIALIZED
                             52 ;--------------------------------------------------------
                             53 ; absolute external ram data
                             54 ;--------------------------------------------------------
                             55 	.area _DABS (ABS)
                             56 ;--------------------------------------------------------
                             57 ; global & static initialisations
                             58 ;--------------------------------------------------------
                             59 	.area _HOME
                             60 	.area _GSINIT
                             61 	.area _GSFINAL
                             62 	.area _GSINIT
                             63 ;--------------------------------------------------------
                             64 ; Home
                             65 ;--------------------------------------------------------
                             66 	.area _HOME
                             67 	.area _HOME
                             68 ;--------------------------------------------------------
                             69 ; code
                             70 ;--------------------------------------------------------
                             71 	.area _CODE
                             72 	.area _CODE
   0000                      73 _g_tileset_00:
   0000 00                   74 	.db #0x00	; 0
   0001 00                   75 	.db #0x00	; 0
   0002 00                   76 	.db #0x00	; 0
   0003 00                   77 	.db #0x00	; 0
   0004 00                   78 	.db #0x00	; 0
   0005 00                   79 	.db #0x00	; 0
   0006 00                   80 	.db #0x00	; 0
   0007 00                   81 	.db #0x00	; 0
   0008 00                   82 	.db #0x00	; 0
   0009 00                   83 	.db #0x00	; 0
   000A 00                   84 	.db #0x00	; 0
   000B 00                   85 	.db #0x00	; 0
   000C 00                   86 	.db #0x00	; 0
   000D 00                   87 	.db #0x00	; 0
   000E 00                   88 	.db #0x00	; 0
   000F 00                   89 	.db #0x00	; 0
   0010 00                   90 	.db #0x00	; 0
   0011 00                   91 	.db #0x00	; 0
   0012 00                   92 	.db #0x00	; 0
   0013 00                   93 	.db #0x00	; 0
   0014 00                   94 	.db #0x00	; 0
   0015 00                   95 	.db #0x00	; 0
   0016 00                   96 	.db #0x00	; 0
   0017 00                   97 	.db #0x00	; 0
   0018 00                   98 	.db #0x00	; 0
   0019 00                   99 	.db #0x00	; 0
   001A 00                  100 	.db #0x00	; 0
   001B 00                  101 	.db #0x00	; 0
   001C 00                  102 	.db #0x00	; 0
   001D 00                  103 	.db #0x00	; 0
   001E 00                  104 	.db #0x00	; 0
   001F 00                  105 	.db #0x00	; 0
   0020                     106 _g_tileset_01:
   0020 0C                  107 	.db #0x0c	; 12
   0021 0C                  108 	.db #0x0c	; 12
   0022 0C                  109 	.db #0x0c	; 12
   0023 0C                  110 	.db #0x0c	; 12
   0024 0C                  111 	.db #0x0c	; 12
   0025 0C                  112 	.db #0x0c	; 12
   0026 0C                  113 	.db #0x0c	; 12
   0027 0C                  114 	.db #0x0c	; 12
   0028 C3                  115 	.db #0xc3	; 195
   0029 D2                  116 	.db #0xd2	; 210
   002A 09                  117 	.db #0x09	; 9
   002B C3                  118 	.db #0xc3	; 195
   002C 86                  119 	.db #0x86	; 134
   002D 49                  120 	.db #0x49	; 73	'I'
   002E C3                  121 	.db #0xc3	; 195
   002F 86                  122 	.db #0x86	; 134
   0030 C3                  123 	.db #0xc3	; 195
   0031 D2                  124 	.db #0xd2	; 210
   0032 C3                  125 	.db #0xc3	; 195
   0033 C3                  126 	.db #0xc3	; 195
   0034 83                  127 	.db #0x83	; 131
   0035 86                  128 	.db #0x86	; 134
   0036 C3                  129 	.db #0xc3	; 195
   0037 C6                  130 	.db #0xc6	; 198
   0038 83                  131 	.db #0x83	; 131
   0039 C3                  132 	.db #0xc3	; 195
   003A C3                  133 	.db #0xc3	; 195
   003B E1                  134 	.db #0xe1	; 225
   003C C3                  135 	.db #0xc3	; 195
   003D 49                  136 	.db #0x49	; 73	'I'
   003E C3                  137 	.db #0xc3	; 195
   003F C3                  138 	.db #0xc3	; 195
   0040                     139 _g_tileset_02:
   0040 44                  140 	.db #0x44	; 68	'D'
   0041 44                  141 	.db #0x44	; 68	'D'
   0042 44                  142 	.db #0x44	; 68	'D'
   0043 44                  143 	.db #0x44	; 68	'D'
   0044 00                  144 	.db #0x00	; 0
   0045 00                  145 	.db #0x00	; 0
   0046 00                  146 	.db #0x00	; 0
   0047 00                  147 	.db #0x00	; 0
   0048 D8                  148 	.db #0xd8	; 216
   0049 30                  149 	.db #0x30	; 48	'0'
   004A 30                  150 	.db #0x30	; 48	'0'
   004B 64                  151 	.db #0x64	; 100	'd'
   004C CC                  152 	.db #0xcc	; 204
   004D CC                  153 	.db #0xcc	; 204
   004E CC                  154 	.db #0xcc	; 204
   004F CC                  155 	.db #0xcc	; 204
   0050 98                  156 	.db #0x98	; 152
   0051 CC                  157 	.db #0xcc	; 204
   0052 98                  158 	.db #0x98	; 152
   0053 64                  159 	.db #0x64	; 100	'd'
   0054 CC                  160 	.db #0xcc	; 204
   0055 CC                  161 	.db #0xcc	; 204
   0056 CC                  162 	.db #0xcc	; 204
   0057 CC                  163 	.db #0xcc	; 204
   0058 98                  164 	.db #0x98	; 152
   0059 CC                  165 	.db #0xcc	; 204
   005A CC                  166 	.db #0xcc	; 204
   005B 64                  167 	.db #0x64	; 100	'd'
   005C CC                  168 	.db #0xcc	; 204
   005D CC                  169 	.db #0xcc	; 204
   005E CC                  170 	.db #0xcc	; 204
   005F 98                  171 	.db #0x98	; 152
   0060                     172 _g_tileset_03:
   0060 00                  173 	.db #0x00	; 0
   0061 F0                  174 	.db #0xf0	; 240
   0062 F0                  175 	.db #0xf0	; 240
   0063 A0                  176 	.db #0xa0	; 160
   0064 A0                  177 	.db #0xa0	; 160
   0065 E4                  178 	.db #0xe4	; 228
   0066 F0                  179 	.db #0xf0	; 240
   0067 00                  180 	.db #0x00	; 0
   0068 00                  181 	.db #0x00	; 0
   0069 F0                  182 	.db #0xf0	; 240
   006A F0                  183 	.db #0xf0	; 240
   006B A0                  184 	.db #0xa0	; 160
   006C A0                  185 	.db #0xa0	; 160
   006D F0                  186 	.db #0xf0	; 240
   006E D8                  187 	.db #0xd8	; 216
   006F 50                  188 	.db #0x50	; 80	'P'
   0070 00                  189 	.db #0x00	; 0
   0071 E4                  190 	.db #0xe4	; 228
   0072 F0                  191 	.db #0xf0	; 240
   0073 D8                  192 	.db #0xd8	; 216
   0074 A0                  193 	.db #0xa0	; 160
   0075 F0                  194 	.db #0xf0	; 240
   0076 F0                  195 	.db #0xf0	; 240
   0077 00                  196 	.db #0x00	; 0
   0078 00                  197 	.db #0x00	; 0
   0079 F0                  198 	.db #0xf0	; 240
   007A F0                  199 	.db #0xf0	; 240
   007B A0                  200 	.db #0xa0	; 160
   007C A0                  201 	.db #0xa0	; 160
   007D F0                  202 	.db #0xf0	; 240
   007E F0                  203 	.db #0xf0	; 240
   007F 00                  204 	.db #0x00	; 0
   0080                     205 _g_tileset_04:
   0080 A9                  206 	.db #0xa9	; 169
   0081 03                  207 	.db #0x03	; 3
   0082 03                  208 	.db #0x03	; 3
   0083 56                  209 	.db #0x56	; 86	'V'
   0084 03                  210 	.db #0x03	; 3
   0085 03                  211 	.db #0x03	; 3
   0086 03                  212 	.db #0x03	; 3
   0087 03                  213 	.db #0x03	; 3
   0088 03                  214 	.db #0x03	; 3
   0089 03                  215 	.db #0x03	; 3
   008A 03                  216 	.db #0x03	; 3
   008B 03                  217 	.db #0x03	; 3
   008C 03                  218 	.db #0x03	; 3
   008D 03                  219 	.db #0x03	; 3
   008E 03                  220 	.db #0x03	; 3
   008F 03                  221 	.db #0x03	; 3
   0090 03                  222 	.db #0x03	; 3
   0091 03                  223 	.db #0x03	; 3
   0092 03                  224 	.db #0x03	; 3
   0093 03                  225 	.db #0x03	; 3
   0094 03                  226 	.db #0x03	; 3
   0095 03                  227 	.db #0x03	; 3
   0096 03                  228 	.db #0x03	; 3
   0097 03                  229 	.db #0x03	; 3
   0098 03                  230 	.db #0x03	; 3
   0099 56                  231 	.db #0x56	; 86	'V'
   009A 83                  232 	.db #0x83	; 131
   009B 03                  233 	.db #0x03	; 3
   009C 03                  234 	.db #0x03	; 3
   009D 03                  235 	.db #0x03	; 3
   009E 03                  236 	.db #0x03	; 3
   009F 03                  237 	.db #0x03	; 3
   00A0                     238 _g_tileset_05:
   00A0 00                  239 	.db #0x00	; 0
   00A1 00                  240 	.db #0x00	; 0
   00A2 00                  241 	.db #0x00	; 0
   00A3 00                  242 	.db #0x00	; 0
   00A4 FC                  243 	.db #0xfc	; 252
   00A5 54                  244 	.db #0x54	; 84	'T'
   00A6 00                  245 	.db #0x00	; 0
   00A7 00                  246 	.db #0x00	; 0
   00A8 00                  247 	.db #0x00	; 0
   00A9 FC                  248 	.db #0xfc	; 252
   00AA 03                  249 	.db #0x03	; 3
   00AB 03                  250 	.db #0x03	; 3
   00AC A9                  251 	.db #0xa9	; 169
   00AD FC                  252 	.db #0xfc	; 252
   00AE 54                  253 	.db #0x54	; 84	'T'
   00AF 00                  254 	.db #0x00	; 0
   00B0 54                  255 	.db #0x54	; 84	'T'
   00B1 03                  256 	.db #0x03	; 3
   00B2 03                  257 	.db #0x03	; 3
   00B3 03                  258 	.db #0x03	; 3
   00B4 03                  259 	.db #0x03	; 3
   00B5 03                  260 	.db #0x03	; 3
   00B6 03                  261 	.db #0x03	; 3
   00B7 54                  262 	.db #0x54	; 84	'T'
   00B8 54                  263 	.db #0x54	; 84	'T'
   00B9 03                  264 	.db #0x03	; 3
   00BA E9                  265 	.db #0xe9	; 233
   00BB 83                  266 	.db #0x83	; 131
   00BC E9                  267 	.db #0xe9	; 233
   00BD 56                  268 	.db #0x56	; 86	'V'
   00BE A9                  269 	.db #0xa9	; 169
   00BF 00                  270 	.db #0x00	; 0
   00C0                     271 _g_tileset_06:
   00C0 00                  272 	.db #0x00	; 0
   00C1 00                  273 	.db #0x00	; 0
   00C2 00                  274 	.db #0x00	; 0
   00C3 00                  275 	.db #0x00	; 0
   00C4 00                  276 	.db #0x00	; 0
   00C5 00                  277 	.db #0x00	; 0
   00C6 02                  278 	.db #0x02	; 2
   00C7 03                  279 	.db #0x03	; 3
   00C8 03                  280 	.db #0x03	; 3
   00C9 03                  281 	.db #0x03	; 3
   00CA 03                  282 	.db #0x03	; 3
   00CB 00                  283 	.db #0x00	; 0
   00CC 00                  284 	.db #0x00	; 0
   00CD 02                  285 	.db #0x02	; 2
   00CE 03                  286 	.db #0x03	; 3
   00CF 03                  287 	.db #0x03	; 3
   00D0 03                  288 	.db #0x03	; 3
   00D1 03                  289 	.db #0x03	; 3
   00D2 03                  290 	.db #0x03	; 3
   00D3 02                  291 	.db #0x02	; 2
   00D4 02                  292 	.db #0x02	; 2
   00D5 03                  293 	.db #0x03	; 3
   00D6 03                  294 	.db #0x03	; 3
   00D7 03                  295 	.db #0x03	; 3
   00D8 03                  296 	.db #0x03	; 3
   00D9 56                  297 	.db #0x56	; 86	'V'
   00DA 83                  298 	.db #0x83	; 131
   00DB 02                  299 	.db #0x02	; 2
   00DC 00                  300 	.db #0x00	; 0
   00DD 03                  301 	.db #0x03	; 3
   00DE 03                  302 	.db #0x03	; 3
   00DF 03                  303 	.db #0x03	; 3
   00E0                     304 _g_tileset_07:
   00E0 01                  305 	.db #0x01	; 1
   00E1 03                  306 	.db #0x03	; 3
   00E2 03                  307 	.db #0x03	; 3
   00E3 03                  308 	.db #0x03	; 3
   00E4 03                  309 	.db #0x03	; 3
   00E5 03                  310 	.db #0x03	; 3
   00E6 03                  311 	.db #0x03	; 3
   00E7 01                  312 	.db #0x01	; 1
   00E8 00                  313 	.db #0x00	; 0
   00E9 03                  314 	.db #0x03	; 3
   00EA 03                  315 	.db #0x03	; 3
   00EB 03                  316 	.db #0x03	; 3
   00EC 03                  317 	.db #0x03	; 3
   00ED 03                  318 	.db #0x03	; 3
   00EE 03                  319 	.db #0x03	; 3
   00EF 01                  320 	.db #0x01	; 1
   00F0 00                  321 	.db #0x00	; 0
   00F1 00                  322 	.db #0x00	; 0
   00F2 01                  323 	.db #0x01	; 1
   00F3 03                  324 	.db #0x03	; 3
   00F4 00                  325 	.db #0x00	; 0
   00F5 00                  326 	.db #0x00	; 0
   00F6 00                  327 	.db #0x00	; 0
   00F7 00                  328 	.db #0x00	; 0
   00F8 00                  329 	.db #0x00	; 0
   00F9 01                  330 	.db #0x01	; 1
   00FA 03                  331 	.db #0x03	; 3
   00FB 03                  332 	.db #0x03	; 3
   00FC 03                  333 	.db #0x03	; 3
   00FD 03                  334 	.db #0x03	; 3
   00FE 03                  335 	.db #0x03	; 3
   00FF 00                  336 	.db #0x00	; 0
   0100                     337 _g_tileset_08:
   0100 03                  338 	.db #0x03	; 3
   0101 03                  339 	.db #0x03	; 3
   0102 03                  340 	.db #0x03	; 3
   0103 02                  341 	.db #0x02	; 2
   0104 02                  342 	.db #0x02	; 2
   0105 03                  343 	.db #0x03	; 3
   0106 03                  344 	.db #0x03	; 3
   0107 03                  345 	.db #0x03	; 3
   0108 03                  346 	.db #0x03	; 3
   0109 03                  347 	.db #0x03	; 3
   010A 03                  348 	.db #0x03	; 3
   010B 00                  349 	.db #0x00	; 0
   010C 02                  350 	.db #0x02	; 2
   010D 03                  351 	.db #0x03	; 3
   010E 03                  352 	.db #0x03	; 3
   010F 03                  353 	.db #0x03	; 3
   0110 03                  354 	.db #0x03	; 3
   0111 02                  355 	.db #0x02	; 2
   0112 00                  356 	.db #0x00	; 0
   0113 00                  357 	.db #0x00	; 0
   0114 00                  358 	.db #0x00	; 0
   0115 00                  359 	.db #0x00	; 0
   0116 00                  360 	.db #0x00	; 0
   0117 00                  361 	.db #0x00	; 0
   0118 03                  362 	.db #0x03	; 3
   0119 03                  363 	.db #0x03	; 3
   011A 02                  364 	.db #0x02	; 2
   011B 00                  365 	.db #0x00	; 0
   011C 00                  366 	.db #0x00	; 0
   011D 03                  367 	.db #0x03	; 3
   011E 03                  368 	.db #0x03	; 3
   011F 03                  369 	.db #0x03	; 3
   0120                     370 _g_tileset_09:
   0120 A1                  371 	.db #0xa1	; 161
   0121 03                  372 	.db #0x03	; 3
   0122 A1                  373 	.db #0xa1	; 161
   0123 52                  374 	.db #0x52	; 82	'R'
   0124 F0                  375 	.db #0xf0	; 240
   0125 A1                  376 	.db #0xa1	; 161
   0126 03                  377 	.db #0x03	; 3
   0127 A1                  378 	.db #0xa1	; 161
   0128 52                  379 	.db #0x52	; 82	'R'
   0129 F0                  380 	.db #0xf0	; 240
   012A A1                  381 	.db #0xa1	; 161
   012B F0                  382 	.db #0xf0	; 240
   012C 52                  383 	.db #0x52	; 82	'R'
   012D A1                  384 	.db #0xa1	; 161
   012E 52                  385 	.db #0x52	; 82	'R'
   012F F0                  386 	.db #0xf0	; 240
   0130 03                  387 	.db #0x03	; 3
   0131 F0                  388 	.db #0xf0	; 240
   0132 F0                  389 	.db #0xf0	; 240
   0133 A1                  390 	.db #0xa1	; 161
   0134 A1                  391 	.db #0xa1	; 161
   0135 F0                  392 	.db #0xf0	; 240
   0136 F0                  393 	.db #0xf0	; 240
   0137 03                  394 	.db #0x03	; 3
   0138 03                  395 	.db #0x03	; 3
   0139 F0                  396 	.db #0xf0	; 240
   013A F0                  397 	.db #0xf0	; 240
   013B F0                  398 	.db #0xf0	; 240
   013C A1                  399 	.db #0xa1	; 161
   013D A1                  400 	.db #0xa1	; 161
   013E F0                  401 	.db #0xf0	; 240
   013F 03                  402 	.db #0x03	; 3
   0140                     403 _g_tileset_10:
   0140 00                  404 	.db #0x00	; 0
   0141 0F                  405 	.db #0x0f	; 15
   0142 5A                  406 	.db #0x5a	; 90	'Z'
   0143 CC                  407 	.db #0xcc	; 204
   0144 CC                  408 	.db #0xcc	; 204
   0145 5A                  409 	.db #0x5a	; 90	'Z'
   0146 0F                  410 	.db #0x0f	; 15
   0147 00                  411 	.db #0x00	; 0
   0148 00                  412 	.db #0x00	; 0
   0149 0F                  413 	.db #0x0f	; 15
   014A A5                  414 	.db #0xa5	; 165
   014B CC                  415 	.db #0xcc	; 204
   014C CC                  416 	.db #0xcc	; 204
   014D 0F                  417 	.db #0x0f	; 15
   014E 0F                  418 	.db #0x0f	; 15
   014F 00                  419 	.db #0x00	; 0
   0150 00                  420 	.db #0x00	; 0
   0151 0F                  421 	.db #0x0f	; 15
   0152 5A                  422 	.db #0x5a	; 90	'Z'
   0153 CC                  423 	.db #0xcc	; 204
   0154 CC                  424 	.db #0xcc	; 204
   0155 5A                  425 	.db #0x5a	; 90	'Z'
   0156 0F                  426 	.db #0x0f	; 15
   0157 00                  427 	.db #0x00	; 0
   0158 00                  428 	.db #0x00	; 0
   0159 5A                  429 	.db #0x5a	; 90	'Z'
   015A 0F                  430 	.db #0x0f	; 15
   015B CC                  431 	.db #0xcc	; 204
   015C CC                  432 	.db #0xcc	; 204
   015D 0F                  433 	.db #0x0f	; 15
   015E 0F                  434 	.db #0x0f	; 15
   015F 00                  435 	.db #0x00	; 0
   0160                     436 _g_tileset_11:
   0160 CC                  437 	.db #0xcc	; 204
   0161 CC                  438 	.db #0xcc	; 204
   0162 CC                  439 	.db #0xcc	; 204
   0163 CC                  440 	.db #0xcc	; 204
   0164 CC                  441 	.db #0xcc	; 204
   0165 CC                  442 	.db #0xcc	; 204
   0166 CC                  443 	.db #0xcc	; 204
   0167 CC                  444 	.db #0xcc	; 204
   0168 CC                  445 	.db #0xcc	; 204
   0169 CC                  446 	.db #0xcc	; 204
   016A F0                  447 	.db #0xf0	; 240
   016B 0F                  448 	.db #0x0f	; 15
   016C F0                  449 	.db #0xf0	; 240
   016D CC                  450 	.db #0xcc	; 204
   016E CC                  451 	.db #0xcc	; 204
   016F CC                  452 	.db #0xcc	; 204
   0170 CC                  453 	.db #0xcc	; 204
   0171 A5                  454 	.db #0xa5	; 165
   0172 0F                  455 	.db #0x0f	; 15
   0173 0F                  456 	.db #0x0f	; 15
   0174 00                  457 	.db #0x00	; 0
   0175 0F                  458 	.db #0x0f	; 15
   0176 0F                  459 	.db #0x0f	; 15
   0177 CC                  460 	.db #0xcc	; 204
   0178 CC                  461 	.db #0xcc	; 204
   0179 A5                  462 	.db #0xa5	; 165
   017A A5                  463 	.db #0xa5	; 165
   017B 0F                  464 	.db #0x0f	; 15
   017C 0F                  465 	.db #0x0f	; 15
   017D 0F                  466 	.db #0x0f	; 15
   017E F0                  467 	.db #0xf0	; 240
   017F CC                  468 	.db #0xcc	; 204
   0180                     469 _g_tileset_12:
   0180 CC                  470 	.db #0xcc	; 204
   0181 CC                  471 	.db #0xcc	; 204
   0182 CC                  472 	.db #0xcc	; 204
   0183 CC                  473 	.db #0xcc	; 204
   0184 CC                  474 	.db #0xcc	; 204
   0185 CC                  475 	.db #0xcc	; 204
   0186 CC                  476 	.db #0xcc	; 204
   0187 CC                  477 	.db #0xcc	; 204
   0188 0F                  478 	.db #0x0f	; 15
   0189 0F                  479 	.db #0x0f	; 15
   018A 0F                  480 	.db #0x0f	; 15
   018B 0F                  481 	.db #0x0f	; 15
   018C 0F                  482 	.db #0x0f	; 15
   018D 0F                  483 	.db #0x0f	; 15
   018E A5                  484 	.db #0xa5	; 165
   018F F0                  485 	.db #0xf0	; 240
   0190 0F                  486 	.db #0x0f	; 15
   0191 0F                  487 	.db #0x0f	; 15
   0192 0F                  488 	.db #0x0f	; 15
   0193 0F                  489 	.db #0x0f	; 15
   0194 00                  490 	.db #0x00	; 0
   0195 00                  491 	.db #0x00	; 0
   0196 00                  492 	.db #0x00	; 0
   0197 00                  493 	.db #0x00	; 0
   0198 0F                  494 	.db #0x0f	; 15
   0199 5A                  495 	.db #0x5a	; 90	'Z'
   019A 0F                  496 	.db #0x0f	; 15
   019B 0F                  497 	.db #0x0f	; 15
   019C 5A                  498 	.db #0x5a	; 90	'Z'
   019D 0F                  499 	.db #0x0f	; 15
   019E 0F                  500 	.db #0x0f	; 15
   019F 5A                  501 	.db #0x5a	; 90	'Z'
   01A0                     502 _g_tileset_13:
   01A0 CC                  503 	.db #0xcc	; 204
   01A1 CC                  504 	.db #0xcc	; 204
   01A2 CC                  505 	.db #0xcc	; 204
   01A3 CC                  506 	.db #0xcc	; 204
   01A4 CC                  507 	.db #0xcc	; 204
   01A5 CC                  508 	.db #0xcc	; 204
   01A6 CC                  509 	.db #0xcc	; 204
   01A7 CC                  510 	.db #0xcc	; 204
   01A8 0F                  511 	.db #0x0f	; 15
   01A9 0F                  512 	.db #0x0f	; 15
   01AA CC                  513 	.db #0xcc	; 204
   01AB CC                  514 	.db #0xcc	; 204
   01AC CC                  515 	.db #0xcc	; 204
   01AD CC                  516 	.db #0xcc	; 204
   01AE CC                  517 	.db #0xcc	; 204
   01AF 0F                  518 	.db #0x0f	; 15
   01B0 0F                  519 	.db #0x0f	; 15
   01B1 A5                  520 	.db #0xa5	; 165
   01B2 A5                  521 	.db #0xa5	; 165
   01B3 CC                  522 	.db #0xcc	; 204
   01B4 CC                  523 	.db #0xcc	; 204
   01B5 0F                  524 	.db #0x0f	; 15
   01B6 0F                  525 	.db #0x0f	; 15
   01B7 00                  526 	.db #0x00	; 0
   01B8 0F                  527 	.db #0x0f	; 15
   01B9 0F                  528 	.db #0x0f	; 15
   01BA 0F                  529 	.db #0x0f	; 15
   01BB CC                  530 	.db #0xcc	; 204
   01BC CC                  531 	.db #0xcc	; 204
   01BD 0F                  532 	.db #0x0f	; 15
   01BE 0F                  533 	.db #0x0f	; 15
   01BF 0F                  534 	.db #0x0f	; 15
   01C0                     535 _g_tileset_14:
   01C0 CC                  536 	.db #0xcc	; 204
   01C1 A5                  537 	.db #0xa5	; 165
   01C2 0F                  538 	.db #0x0f	; 15
   01C3 00                  539 	.db #0x00	; 0
   01C4 00                  540 	.db #0x00	; 0
   01C5 0F                  541 	.db #0x0f	; 15
   01C6 A5                  542 	.db #0xa5	; 165
   01C7 CC                  543 	.db #0xcc	; 204
   01C8 CC                  544 	.db #0xcc	; 204
   01C9 5A                  545 	.db #0x5a	; 90	'Z'
   01CA 0F                  546 	.db #0x0f	; 15
   01CB 00                  547 	.db #0x00	; 0
   01CC 00                  548 	.db #0x00	; 0
   01CD 0F                  549 	.db #0x0f	; 15
   01CE 0F                  550 	.db #0x0f	; 15
   01CF CC                  551 	.db #0xcc	; 204
   01D0 CC                  552 	.db #0xcc	; 204
   01D1 A5                  553 	.db #0xa5	; 165
   01D2 0F                  554 	.db #0x0f	; 15
   01D3 00                  555 	.db #0x00	; 0
   01D4 00                  556 	.db #0x00	; 0
   01D5 0F                  557 	.db #0x0f	; 15
   01D6 A5                  558 	.db #0xa5	; 165
   01D7 CC                  559 	.db #0xcc	; 204
   01D8 CC                  560 	.db #0xcc	; 204
   01D9 0F                  561 	.db #0x0f	; 15
   01DA A5                  562 	.db #0xa5	; 165
   01DB 00                  563 	.db #0x00	; 0
   01DC 00                  564 	.db #0x00	; 0
   01DD 0F                  565 	.db #0x0f	; 15
   01DE 0F                  566 	.db #0x0f	; 15
   01DF CC                  567 	.db #0xcc	; 204
   01E0                     568 _g_tileset_15:
   01E0 C3                  569 	.db #0xc3	; 195
   01E1 C3                  570 	.db #0xc3	; 195
   01E2 C3                  571 	.db #0xc3	; 195
   01E3 C3                  572 	.db #0xc3	; 195
   01E4 E1                  573 	.db #0xe1	; 225
   01E5 C3                  574 	.db #0xc3	; 195
   01E6 83                  575 	.db #0x83	; 131
   01E7 D2                  576 	.db #0xd2	; 210
   01E8 86                  577 	.db #0x86	; 134
   01E9 D2                  578 	.db #0xd2	; 210
   01EA 83                  579 	.db #0x83	; 131
   01EB C3                  580 	.db #0xc3	; 195
   01EC C3                  581 	.db #0xc3	; 195
   01ED C3                  582 	.db #0xc3	; 195
   01EE C3                  583 	.db #0xc3	; 195
   01EF C3                  584 	.db #0xc3	; 195
   01F0 C3                  585 	.db #0xc3	; 195
   01F1 D2                  586 	.db #0xd2	; 210
   01F2 C3                  587 	.db #0xc3	; 195
   01F3 C3                  588 	.db #0xc3	; 195
   01F4 83                  589 	.db #0x83	; 131
   01F5 86                  590 	.db #0x86	; 134
   01F6 C3                  591 	.db #0xc3	; 195
   01F7 C6                  592 	.db #0xc6	; 198
   01F8 83                  593 	.db #0x83	; 131
   01F9 C3                  594 	.db #0xc3	; 195
   01FA C3                  595 	.db #0xc3	; 195
   01FB E1                  596 	.db #0xe1	; 225
   01FC C3                  597 	.db #0xc3	; 195
   01FD 49                  598 	.db #0x49	; 73	'I'
   01FE C3                  599 	.db #0xc3	; 195
   01FF C3                  600 	.db #0xc3	; 195
   0200                     601 _g_tileset_16:
   0200 00                  602 	.db #0x00	; 0
   0201 00                  603 	.db #0x00	; 0
   0202 00                  604 	.db #0x00	; 0
   0203 0C                  605 	.db #0x0c	; 12
   0204 0C                  606 	.db #0x0c	; 12
   0205 0C                  607 	.db #0x0c	; 12
   0206 00                  608 	.db #0x00	; 0
   0207 00                  609 	.db #0x00	; 0
   0208 00                  610 	.db #0x00	; 0
   0209 0C                  611 	.db #0x0c	; 12
   020A 49                  612 	.db #0x49	; 73	'I'
   020B C3                  613 	.db #0xc3	; 195
   020C 49                  614 	.db #0x49	; 73	'I'
   020D 0C                  615 	.db #0x0c	; 12
   020E 04                  616 	.db #0x04	; 4
   020F 00                  617 	.db #0x00	; 0
   0210 0C                  618 	.db #0x0c	; 12
   0211 D2                  619 	.db #0xd2	; 210
   0212 C3                  620 	.db #0xc3	; 195
   0213 D2                  621 	.db #0xd2	; 210
   0214 C3                  622 	.db #0xc3	; 195
   0215 C6                  623 	.db #0xc6	; 198
   0216 C3                  624 	.db #0xc3	; 195
   0217 49                  625 	.db #0x49	; 73	'I'
   0218 0C                  626 	.db #0x0c	; 12
   0219 49                  627 	.db #0x49	; 73	'I'
   021A D2                  628 	.db #0xd2	; 210
   021B C3                  629 	.db #0xc3	; 195
   021C C9                  630 	.db #0xc9	; 201
   021D C3                  631 	.db #0xc3	; 195
   021E 0C                  632 	.db #0x0c	; 12
   021F 04                  633 	.db #0x04	; 4
   0220                     634 _g_tileset_17:
   0220 0C                  635 	.db #0x0c	; 12
   0221 00                  636 	.db #0x00	; 0
   0222 00                  637 	.db #0x00	; 0
   0223 00                  638 	.db #0x00	; 0
   0224 00                  639 	.db #0x00	; 0
   0225 00                  640 	.db #0x00	; 0
   0226 08                  641 	.db #0x08	; 8
   0227 0C                  642 	.db #0x0c	; 12
   0228 C3                  643 	.db #0xc3	; 195
   0229 0C                  644 	.db #0x0c	; 12
   022A 08                  645 	.db #0x08	; 8
   022B 00                  646 	.db #0x00	; 0
   022C 00                  647 	.db #0x00	; 0
   022D 00                  648 	.db #0x00	; 0
   022E 0C                  649 	.db #0x0c	; 12
   022F 86                  650 	.db #0x86	; 134
   0230 E1                  651 	.db #0xe1	; 225
   0231 C3                  652 	.db #0xc3	; 195
   0232 A4                  653 	.db #0xa4	; 164
   0233 0C                  654 	.db #0x0c	; 12
   0234 0C                  655 	.db #0x0c	; 12
   0235 C3                  656 	.db #0xc3	; 195
   0236 C9                  657 	.db #0xc9	; 201
   0237 C3                  658 	.db #0xc3	; 195
   0238 C3                  659 	.db #0xc3	; 195
   0239 E1                  660 	.db #0xe1	; 225
   023A 0C                  661 	.db #0x0c	; 12
   023B 08                  662 	.db #0x08	; 8
   023C 00                  663 	.db #0x00	; 0
   023D 0C                  664 	.db #0x0c	; 12
   023E 86                  665 	.db #0x86	; 134
   023F C6                  666 	.db #0xc6	; 198
   0240                     667 _g_tileset_18:
   0240 0C                  668 	.db #0x0c	; 12
   0241 0C                  669 	.db #0x0c	; 12
   0242 0C                  670 	.db #0x0c	; 12
   0243 08                  671 	.db #0x08	; 8
   0244 0C                  672 	.db #0x0c	; 12
   0245 0C                  673 	.db #0x0c	; 12
   0246 0C                  674 	.db #0x0c	; 12
   0247 0C                  675 	.db #0x0c	; 12
   0248 86                  676 	.db #0x86	; 134
   0249 D2                  677 	.db #0xd2	; 210
   024A 83                  678 	.db #0x83	; 131
   024B 0C                  679 	.db #0x0c	; 12
   024C 0C                  680 	.db #0x0c	; 12
   024D 49                  681 	.db #0x49	; 73	'I'
   024E C3                  682 	.db #0xc3	; 195
   024F 86                  683 	.db #0x86	; 134
   0250 C3                  684 	.db #0xc3	; 195
   0251 D2                  685 	.db #0xd2	; 210
   0252 C3                  686 	.db #0xc3	; 195
   0253 0C                  687 	.db #0x0c	; 12
   0254 0C                  688 	.db #0x0c	; 12
   0255 86                  689 	.db #0x86	; 134
   0256 C3                  690 	.db #0xc3	; 195
   0257 C3                  691 	.db #0xc3	; 195
   0258 83                  692 	.db #0x83	; 131
   0259 C3                  693 	.db #0xc3	; 195
   025A C3                  694 	.db #0xc3	; 195
   025B 0C                  695 	.db #0x0c	; 12
   025C 0C                  696 	.db #0x0c	; 12
   025D 49                  697 	.db #0x49	; 73	'I'
   025E C3                  698 	.db #0xc3	; 195
   025F C3                  699 	.db #0xc3	; 195
   0260                     700 _g_tileset_19:
   0260 C3                  701 	.db #0xc3	; 195
   0261 E1                  702 	.db #0xe1	; 225
   0262 C3                  703 	.db #0xc3	; 195
   0263 0C                  704 	.db #0x0c	; 12
   0264 0C                  705 	.db #0x0c	; 12
   0265 C3                  706 	.db #0xc3	; 195
   0266 C3                  707 	.db #0xc3	; 195
   0267 C3                  708 	.db #0xc3	; 195
   0268 C3                  709 	.db #0xc3	; 195
   0269 D2                  710 	.db #0xd2	; 210
   026A 83                  711 	.db #0x83	; 131
   026B 0C                  712 	.db #0x0c	; 12
   026C 0C                  713 	.db #0x0c	; 12
   026D C3                  714 	.db #0xc3	; 195
   026E C3                  715 	.db #0xc3	; 195
   026F 83                  716 	.db #0x83	; 131
   0270 C3                  717 	.db #0xc3	; 195
   0271 D2                  718 	.db #0xd2	; 210
   0272 C3                  719 	.db #0xc3	; 195
   0273 0C                  720 	.db #0x0c	; 12
   0274 0C                  721 	.db #0x0c	; 12
   0275 C3                  722 	.db #0xc3	; 195
   0276 C3                  723 	.db #0xc3	; 195
   0277 C6                  724 	.db #0xc6	; 198
   0278 83                  725 	.db #0x83	; 131
   0279 C3                  726 	.db #0xc3	; 195
   027A C3                  727 	.db #0xc3	; 195
   027B 0C                  728 	.db #0x0c	; 12
   027C 0C                  729 	.db #0x0c	; 12
   027D 49                  730 	.db #0x49	; 73	'I'
   027E C3                  731 	.db #0xc3	; 195
   027F C3                  732 	.db #0xc3	; 195
   0280                     733 _g_tileset_20:
   0280 04                  734 	.db #0x04	; 4
   0281 0C                  735 	.db #0x0c	; 12
   0282 0C                  736 	.db #0x0c	; 12
   0283 0C                  737 	.db #0x0c	; 12
   0284 0C                  738 	.db #0x0c	; 12
   0285 0C                  739 	.db #0x0c	; 12
   0286 0C                  740 	.db #0x0c	; 12
   0287 0C                  741 	.db #0x0c	; 12
   0288 0C                  742 	.db #0x0c	; 12
   0289 43                  743 	.db #0x43	; 67	'C'
   028A E1                  744 	.db #0xe1	; 225
   028B 49                  745 	.db #0x49	; 73	'I'
   028C 49                  746 	.db #0x49	; 73	'I'
   028D C3                  747 	.db #0xc3	; 195
   028E 86                  748 	.db #0x86	; 134
   028F 0C                  749 	.db #0x0c	; 12
   0290 0C                  750 	.db #0x0c	; 12
   0291 C3                  751 	.db #0xc3	; 195
   0292 E1                  752 	.db #0xe1	; 225
   0293 C3                  753 	.db #0xc3	; 195
   0294 C3                  754 	.db #0xc3	; 195
   0295 C3                  755 	.db #0xc3	; 195
   0296 49                  756 	.db #0x49	; 73	'I'
   0297 0C                  757 	.db #0x0c	; 12
   0298 0C                  758 	.db #0x0c	; 12
   0299 C3                  759 	.db #0xc3	; 195
   029A C3                  760 	.db #0xc3	; 195
   029B 43                  761 	.db #0x43	; 67	'C'
   029C C3                  762 	.db #0xc3	; 195
   029D C3                  763 	.db #0xc3	; 195
   029E 86                  764 	.db #0x86	; 134
   029F 0C                  765 	.db #0x0c	; 12
   02A0                     766 _g_tileset_21:
   02A0 0C                  767 	.db #0x0c	; 12
   02A1 C3                  768 	.db #0xc3	; 195
   02A2 D2                  769 	.db #0xd2	; 210
   02A3 C3                  770 	.db #0xc3	; 195
   02A4 C3                  771 	.db #0xc3	; 195
   02A5 C3                  772 	.db #0xc3	; 195
   02A6 C3                  773 	.db #0xc3	; 195
   02A7 0C                  774 	.db #0x0c	; 12
   02A8 0C                  775 	.db #0x0c	; 12
   02A9 43                  776 	.db #0x43	; 67	'C'
   02AA E1                  777 	.db #0xe1	; 225
   02AB C3                  778 	.db #0xc3	; 195
   02AC 43                  779 	.db #0x43	; 67	'C'
   02AD C3                  780 	.db #0xc3	; 195
   02AE C3                  781 	.db #0xc3	; 195
   02AF 0C                  782 	.db #0x0c	; 12
   02B0 0C                  783 	.db #0x0c	; 12
   02B1 C3                  784 	.db #0xc3	; 195
   02B2 E1                  785 	.db #0xe1	; 225
   02B3 C3                  786 	.db #0xc3	; 195
   02B4 C9                  787 	.db #0xc9	; 201
   02B5 C3                  788 	.db #0xc3	; 195
   02B6 C3                  789 	.db #0xc3	; 195
   02B7 0C                  790 	.db #0x0c	; 12
   02B8 0C                  791 	.db #0x0c	; 12
   02B9 C3                  792 	.db #0xc3	; 195
   02BA C3                  793 	.db #0xc3	; 195
   02BB 43                  794 	.db #0x43	; 67	'C'
   02BC C3                  795 	.db #0xc3	; 195
   02BD C3                  796 	.db #0xc3	; 195
   02BE 86                  797 	.db #0x86	; 134
   02BF 0C                  798 	.db #0x0c	; 12
   02C0                     799 _g_tileset_22:
   02C0 C6                  800 	.db #0xc6	; 198
   02C1 C3                  801 	.db #0xc3	; 195
   02C2 86                  802 	.db #0x86	; 134
   02C3 83                  803 	.db #0x83	; 131
   02C4 C3                  804 	.db #0xc3	; 195
   02C5 C3                  805 	.db #0xc3	; 195
   02C6 D2                  806 	.db #0xd2	; 210
   02C7 C3                  807 	.db #0xc3	; 195
   02C8 C3                  808 	.db #0xc3	; 195
   02C9 C3                  809 	.db #0xc3	; 195
   02CA 49                  810 	.db #0x49	; 73	'I'
   02CB C3                  811 	.db #0xc3	; 195
   02CC E1                  812 	.db #0xe1	; 225
   02CD C3                  813 	.db #0xc3	; 195
   02CE C3                  814 	.db #0xc3	; 195
   02CF 83                  815 	.db #0x83	; 131
   02D0 0C                  816 	.db #0x0c	; 12
   02D1 0C                  817 	.db #0x0c	; 12
   02D2 0C                  818 	.db #0x0c	; 12
   02D3 0C                  819 	.db #0x0c	; 12
   02D4 0C                  820 	.db #0x0c	; 12
   02D5 0C                  821 	.db #0x0c	; 12
   02D6 0C                  822 	.db #0x0c	; 12
   02D7 0C                  823 	.db #0x0c	; 12
   02D8 86                  824 	.db #0x86	; 134
   02D9 C3                  825 	.db #0xc3	; 195
   02DA 49                  826 	.db #0x49	; 73	'I'
   02DB 86                  827 	.db #0x86	; 134
   02DC C3                  828 	.db #0xc3	; 195
   02DD 09                  829 	.db #0x09	; 9
   02DE D2                  830 	.db #0xd2	; 210
   02DF C3                  831 	.db #0xc3	; 195
   02E0                     832 _g_tileset_23:
   02E0 49                  833 	.db #0x49	; 73	'I'
   02E1 C3                  834 	.db #0xc3	; 195
   02E2 C6                  835 	.db #0xc6	; 198
   02E3 C3                  836 	.db #0xc3	; 195
   02E4 D2                  837 	.db #0xd2	; 210
   02E5 C3                  838 	.db #0xc3	; 195
   02E6 D2                  839 	.db #0xd2	; 210
   02E7 0C                  840 	.db #0x0c	; 12
   02E8 04                  841 	.db #0x04	; 4
   02E9 0C                  842 	.db #0x0c	; 12
   02EA C3                  843 	.db #0xc3	; 195
   02EB C9                  844 	.db #0xc9	; 201
   02EC C3                  845 	.db #0xc3	; 195
   02ED D2                  846 	.db #0xd2	; 210
   02EE 49                  847 	.db #0x49	; 73	'I'
   02EF 0C                  848 	.db #0x0c	; 12
   02F0 00                  849 	.db #0x00	; 0
   02F1 00                  850 	.db #0x00	; 0
   02F2 0C                  851 	.db #0x0c	; 12
   02F3 0C                  852 	.db #0x0c	; 12
   02F4 0C                  853 	.db #0x0c	; 12
   02F5 00                  854 	.db #0x00	; 0
   02F6 00                  855 	.db #0x00	; 0
   02F7 00                  856 	.db #0x00	; 0
   02F8 00                  857 	.db #0x00	; 0
   02F9 04                  858 	.db #0x04	; 4
   02FA 0C                  859 	.db #0x0c	; 12
   02FB 49                  860 	.db #0x49	; 73	'I'
   02FC C3                  861 	.db #0xc3	; 195
   02FD 49                  862 	.db #0x49	; 73	'I'
   02FE 0C                  863 	.db #0x0c	; 12
   02FF 00                  864 	.db #0x00	; 0
   0300                     865 _g_tileset_24:
   0300 C3                  866 	.db #0xc3	; 195
   0301 C9                  867 	.db #0xc9	; 201
   0302 C3                  868 	.db #0xc3	; 195
   0303 0C                  869 	.db #0x0c	; 12
   0304 0C                  870 	.db #0x0c	; 12
   0305 A4                  871 	.db #0xa4	; 164
   0306 C3                  872 	.db #0xc3	; 195
   0307 E1                  873 	.db #0xe1	; 225
   0308 C6                  874 	.db #0xc6	; 198
   0309 86                  875 	.db #0x86	; 134
   030A 0C                  876 	.db #0x0c	; 12
   030B 00                  877 	.db #0x00	; 0
   030C 08                  878 	.db #0x08	; 8
   030D 0C                  879 	.db #0x0c	; 12
   030E E1                  880 	.db #0xe1	; 225
   030F C3                  881 	.db #0xc3	; 195
   0310 0C                  882 	.db #0x0c	; 12
   0311 08                  883 	.db #0x08	; 8
   0312 00                  884 	.db #0x00	; 0
   0313 00                  885 	.db #0x00	; 0
   0314 00                  886 	.db #0x00	; 0
   0315 00                  887 	.db #0x00	; 0
   0316 00                  888 	.db #0x00	; 0
   0317 0C                  889 	.db #0x0c	; 12
   0318 86                  890 	.db #0x86	; 134
   0319 0C                  891 	.db #0x0c	; 12
   031A 00                  892 	.db #0x00	; 0
   031B 00                  893 	.db #0x00	; 0
   031C 00                  894 	.db #0x00	; 0
   031D 08                  895 	.db #0x08	; 8
   031E 0C                  896 	.db #0x0c	; 12
   031F C3                  897 	.db #0xc3	; 195
   0320                     898 _g_tileset_25:
   0320 CC                  899 	.db #0xcc	; 204
   0321 CC                  900 	.db #0xcc	; 204
   0322 CC                  901 	.db #0xcc	; 204
   0323 CC                  902 	.db #0xcc	; 204
   0324 CC                  903 	.db #0xcc	; 204
   0325 CC                  904 	.db #0xcc	; 204
   0326 CC                  905 	.db #0xcc	; 204
   0327 CC                  906 	.db #0xcc	; 204
   0328 98                  907 	.db #0x98	; 152
   0329 CC                  908 	.db #0xcc	; 204
   032A CC                  909 	.db #0xcc	; 204
   032B CC                  910 	.db #0xcc	; 204
   032C 64                  911 	.db #0x64	; 100	'd'
   032D 30                  912 	.db #0x30	; 48	'0'
   032E 30                  913 	.db #0x30	; 48	'0'
   032F D8                  914 	.db #0xd8	; 216
   0330 98                  915 	.db #0x98	; 152
   0331 CC                  916 	.db #0xcc	; 204
   0332 98                  917 	.db #0x98	; 152
   0333 64                  918 	.db #0x64	; 100	'd'
   0334 CC                  919 	.db #0xcc	; 204
   0335 CC                  920 	.db #0xcc	; 204
   0336 CC                  921 	.db #0xcc	; 204
   0337 CC                  922 	.db #0xcc	; 204
   0338 98                  923 	.db #0x98	; 152
   0339 CC                  924 	.db #0xcc	; 204
   033A CC                  925 	.db #0xcc	; 204
   033B 64                  926 	.db #0x64	; 100	'd'
   033C CC                  927 	.db #0xcc	; 204
   033D CC                  928 	.db #0xcc	; 204
   033E CC                  929 	.db #0xcc	; 204
   033F 98                  930 	.db #0x98	; 152
   0340                     931 _g_tileset_26:
   0340 00                  932 	.db #0x00	; 0
   0341 00                  933 	.db #0x00	; 0
   0342 00                  934 	.db #0x00	; 0
   0343 00                  935 	.db #0x00	; 0
   0344 00                  936 	.db #0x00	; 0
   0345 00                  937 	.db #0x00	; 0
   0346 00                  938 	.db #0x00	; 0
   0347 00                  939 	.db #0x00	; 0
   0348 00                  940 	.db #0x00	; 0
   0349 00                  941 	.db #0x00	; 0
   034A 00                  942 	.db #0x00	; 0
   034B 00                  943 	.db #0x00	; 0
   034C 00                  944 	.db #0x00	; 0
   034D 00                  945 	.db #0x00	; 0
   034E 00                  946 	.db #0x00	; 0
   034F 00                  947 	.db #0x00	; 0
   0350 00                  948 	.db #0x00	; 0
   0351 00                  949 	.db #0x00	; 0
   0352 00                  950 	.db #0x00	; 0
   0353 00                  951 	.db #0x00	; 0
   0354 00                  952 	.db #0x00	; 0
   0355 00                  953 	.db #0x00	; 0
   0356 00                  954 	.db #0x00	; 0
   0357 00                  955 	.db #0x00	; 0
   0358 00                  956 	.db #0x00	; 0
   0359 00                  957 	.db #0x00	; 0
   035A 00                  958 	.db #0x00	; 0
   035B 00                  959 	.db #0x00	; 0
   035C 00                  960 	.db #0x00	; 0
   035D 00                  961 	.db #0x00	; 0
   035E 00                  962 	.db #0x00	; 0
   035F 00                  963 	.db #0x00	; 0
   0360                     964 _g_tileset_27:
   0360 00                  965 	.db #0x00	; 0
   0361 00                  966 	.db #0x00	; 0
   0362 00                  967 	.db #0x00	; 0
   0363 00                  968 	.db #0x00	; 0
   0364 00                  969 	.db #0x00	; 0
   0365 00                  970 	.db #0x00	; 0
   0366 00                  971 	.db #0x00	; 0
   0367 00                  972 	.db #0x00	; 0
   0368 00                  973 	.db #0x00	; 0
   0369 00                  974 	.db #0x00	; 0
   036A 00                  975 	.db #0x00	; 0
   036B 00                  976 	.db #0x00	; 0
   036C 00                  977 	.db #0x00	; 0
   036D 00                  978 	.db #0x00	; 0
   036E 00                  979 	.db #0x00	; 0
   036F 00                  980 	.db #0x00	; 0
   0370 00                  981 	.db #0x00	; 0
   0371 00                  982 	.db #0x00	; 0
   0372 00                  983 	.db #0x00	; 0
   0373 00                  984 	.db #0x00	; 0
   0374 00                  985 	.db #0x00	; 0
   0375 00                  986 	.db #0x00	; 0
   0376 00                  987 	.db #0x00	; 0
   0377 00                  988 	.db #0x00	; 0
   0378 00                  989 	.db #0x00	; 0
   0379 00                  990 	.db #0x00	; 0
   037A 00                  991 	.db #0x00	; 0
   037B 00                  992 	.db #0x00	; 0
   037C 00                  993 	.db #0x00	; 0
   037D 00                  994 	.db #0x00	; 0
   037E 00                  995 	.db #0x00	; 0
   037F 00                  996 	.db #0x00	; 0
   0380                     997 _g_tileset_28:
   0380 00                  998 	.db #0x00	; 0
   0381 00                  999 	.db #0x00	; 0
   0382 00                 1000 	.db #0x00	; 0
   0383 00                 1001 	.db #0x00	; 0
   0384 00                 1002 	.db #0x00	; 0
   0385 00                 1003 	.db #0x00	; 0
   0386 00                 1004 	.db #0x00	; 0
   0387 00                 1005 	.db #0x00	; 0
   0388 00                 1006 	.db #0x00	; 0
   0389 00                 1007 	.db #0x00	; 0
   038A 00                 1008 	.db #0x00	; 0
   038B 00                 1009 	.db #0x00	; 0
   038C 00                 1010 	.db #0x00	; 0
   038D 00                 1011 	.db #0x00	; 0
   038E 00                 1012 	.db #0x00	; 0
   038F 00                 1013 	.db #0x00	; 0
   0390 00                 1014 	.db #0x00	; 0
   0391 00                 1015 	.db #0x00	; 0
   0392 00                 1016 	.db #0x00	; 0
   0393 00                 1017 	.db #0x00	; 0
   0394 00                 1018 	.db #0x00	; 0
   0395 00                 1019 	.db #0x00	; 0
   0396 00                 1020 	.db #0x00	; 0
   0397 00                 1021 	.db #0x00	; 0
   0398 00                 1022 	.db #0x00	; 0
   0399 00                 1023 	.db #0x00	; 0
   039A 00                 1024 	.db #0x00	; 0
   039B 00                 1025 	.db #0x00	; 0
   039C 00                 1026 	.db #0x00	; 0
   039D 00                 1027 	.db #0x00	; 0
   039E 00                 1028 	.db #0x00	; 0
   039F 00                 1029 	.db #0x00	; 0
   03A0                    1030 _g_tileset_29:
   03A0 00                 1031 	.db #0x00	; 0
   03A1 00                 1032 	.db #0x00	; 0
   03A2 00                 1033 	.db #0x00	; 0
   03A3 00                 1034 	.db #0x00	; 0
   03A4 00                 1035 	.db #0x00	; 0
   03A5 00                 1036 	.db #0x00	; 0
   03A6 00                 1037 	.db #0x00	; 0
   03A7 00                 1038 	.db #0x00	; 0
   03A8 00                 1039 	.db #0x00	; 0
   03A9 00                 1040 	.db #0x00	; 0
   03AA 00                 1041 	.db #0x00	; 0
   03AB 00                 1042 	.db #0x00	; 0
   03AC 00                 1043 	.db #0x00	; 0
   03AD 00                 1044 	.db #0x00	; 0
   03AE 00                 1045 	.db #0x00	; 0
   03AF 00                 1046 	.db #0x00	; 0
   03B0 00                 1047 	.db #0x00	; 0
   03B1 00                 1048 	.db #0x00	; 0
   03B2 00                 1049 	.db #0x00	; 0
   03B3 00                 1050 	.db #0x00	; 0
   03B4 00                 1051 	.db #0x00	; 0
   03B5 00                 1052 	.db #0x00	; 0
   03B6 00                 1053 	.db #0x00	; 0
   03B7 00                 1054 	.db #0x00	; 0
   03B8 00                 1055 	.db #0x00	; 0
   03B9 00                 1056 	.db #0x00	; 0
   03BA 00                 1057 	.db #0x00	; 0
   03BB 00                 1058 	.db #0x00	; 0
   03BC 00                 1059 	.db #0x00	; 0
   03BD 00                 1060 	.db #0x00	; 0
   03BE 00                 1061 	.db #0x00	; 0
   03BF 00                 1062 	.db #0x00	; 0
                           1063 	.area _INITIALIZER
                           1064 	.area _CABS (ABS)
