                              1 ;--------------------------------------------------------
                              2 ; File Created by SDCC : free open source ANSI-C Compiler
                              3 ; Version 3.6.8 #9946 (Mac OS X x86_64)
                              4 ;--------------------------------------------------------
                              5 	.module scene1
                              6 	.optsdcc -mz80
                              7 	
                              8 ;--------------------------------------------------------
                              9 ; Public variables in this module
                             10 ;--------------------------------------------------------
                             11 	.globl _g_tileset_17
                             12 	.globl _g_tileset_16
                             13 	.globl _g_tileset_15
                             14 	.globl _g_tileset_14
                             15 	.globl _g_tileset_13
                             16 	.globl _g_tileset_12
                             17 	.globl _g_tileset_11
                             18 	.globl _g_tileset_10
                             19 	.globl _g_tileset_09
                             20 	.globl _g_tileset_08
                             21 	.globl _g_tileset_07
                             22 	.globl _g_tileset_06
                             23 	.globl _g_tileset_05
                             24 	.globl _g_tileset_04
                             25 	.globl _g_tileset_03
                             26 	.globl _g_tileset_02
                             27 	.globl _g_tileset_01
                             28 	.globl _g_tileset_00
                             29 ;--------------------------------------------------------
                             30 ; special function registers
                             31 ;--------------------------------------------------------
                             32 ;--------------------------------------------------------
                             33 ; ram data
                             34 ;--------------------------------------------------------
                             35 	.area _DATA
                             36 ;--------------------------------------------------------
                             37 ; ram data
                             38 ;--------------------------------------------------------
                             39 	.area _INITIALIZED
                             40 ;--------------------------------------------------------
                             41 ; absolute external ram data
                             42 ;--------------------------------------------------------
                             43 	.area _DABS (ABS)
                             44 ;--------------------------------------------------------
                             45 ; global & static initialisations
                             46 ;--------------------------------------------------------
                             47 	.area _HOME
                             48 	.area _GSINIT
                             49 	.area _GSFINAL
                             50 	.area _GSINIT
                             51 ;--------------------------------------------------------
                             52 ; Home
                             53 ;--------------------------------------------------------
                             54 	.area _HOME
                             55 	.area _HOME
                             56 ;--------------------------------------------------------
                             57 ; code
                             58 ;--------------------------------------------------------
                             59 	.area _CODE
                             60 	.area _CODE
   0000                      61 _g_tileset_00:
   0000 C3                   62 	.db #0xc3	; 195
   0001 C3                   63 	.db #0xc3	; 195
   0002 C3                   64 	.db #0xc3	; 195
   0003 C3                   65 	.db #0xc3	; 195
   0004 C3                   66 	.db #0xc3	; 195
   0005 C3                   67 	.db #0xc3	; 195
   0006 C3                   68 	.db #0xc3	; 195
   0007 C3                   69 	.db #0xc3	; 195
   0008 0F                   70 	.db #0x0f	; 15
   0009 4F                   71 	.db #0x4f	; 79	'O'
   000A 4F                   72 	.db #0x4f	; 79	'O'
   000B 0F                   73 	.db #0x0f	; 15
   000C 0F                   74 	.db #0x0f	; 15
   000D 0F                   75 	.db #0x0f	; 15
   000E 0F                   76 	.db #0x0f	; 15
   000F 4B                   77 	.db #0x4b	; 75	'K'
   0010 0F                   78 	.db #0x0f	; 15
   0011 4F                   79 	.db #0x4f	; 79	'O'
   0012 0F                   80 	.db #0x0f	; 15
   0013 0F                   81 	.db #0x0f	; 15
   0014 4F                   82 	.db #0x4f	; 79	'O'
   0015 4B                   83 	.db #0x4b	; 75	'K'
   0016 0F                   84 	.db #0x0f	; 15
   0017 4B                   85 	.db #0x4b	; 75	'K'
   0018 4F                   86 	.db #0x4f	; 79	'O'
   0019 0F                   87 	.db #0x0f	; 15
   001A 0F                   88 	.db #0x0f	; 15
   001B 8F                   89 	.db #0x8f	; 143
   001C 0F                   90 	.db #0x0f	; 15
   001D 87                   91 	.db #0x87	; 135
   001E 0F                   92 	.db #0x0f	; 15
   001F 0F                   93 	.db #0x0f	; 15
   0020                      94 _g_tileset_01:
   0020 E4                   95 	.db #0xe4	; 228
   0021 E4                   96 	.db #0xe4	; 228
   0022 E4                   97 	.db #0xe4	; 228
   0023 E4                   98 	.db #0xe4	; 228
   0024 F0                   99 	.db #0xf0	; 240
   0025 F0                  100 	.db #0xf0	; 240
   0026 F0                  101 	.db #0xf0	; 240
   0027 F0                  102 	.db #0xf0	; 240
   0028 CC                  103 	.db #0xcc	; 204
   0029 E4                  104 	.db #0xe4	; 228
   002A E4                  105 	.db #0xe4	; 228
   002B E4                  106 	.db #0xe4	; 228
   002C CC                  107 	.db #0xcc	; 204
   002D CC                  108 	.db #0xcc	; 204
   002E CC                  109 	.db #0xcc	; 204
   002F CC                  110 	.db #0xcc	; 204
   0030 D8                  111 	.db #0xd8	; 216
   0031 D8                  112 	.db #0xd8	; 216
   0032 D8                  113 	.db #0xd8	; 216
   0033 CC                  114 	.db #0xcc	; 204
   0034 E4                  115 	.db #0xe4	; 228
   0035 E4                  116 	.db #0xe4	; 228
   0036 E4                  117 	.db #0xe4	; 228
   0037 CC                  118 	.db #0xcc	; 204
   0038 CC                  119 	.db #0xcc	; 204
   0039 E4                  120 	.db #0xe4	; 228
   003A E4                  121 	.db #0xe4	; 228
   003B E4                  122 	.db #0xe4	; 228
   003C CC                  123 	.db #0xcc	; 204
   003D D8                  124 	.db #0xd8	; 216
   003E D8                  125 	.db #0xd8	; 216
   003F D8                  126 	.db #0xd8	; 216
   0040                     127 _g_tileset_02:
   0040 CC                  128 	.db #0xcc	; 204
   0041 CC                  129 	.db #0xcc	; 204
   0042 CC                  130 	.db #0xcc	; 204
   0043 CC                  131 	.db #0xcc	; 204
   0044 E4                  132 	.db #0xe4	; 228
   0045 E4                  133 	.db #0xe4	; 228
   0046 E4                  134 	.db #0xe4	; 228
   0047 CC                  135 	.db #0xcc	; 204
   0048 CC                  136 	.db #0xcc	; 204
   0049 E4                  137 	.db #0xe4	; 228
   004A E4                  138 	.db #0xe4	; 228
   004B E4                  139 	.db #0xe4	; 228
   004C CC                  140 	.db #0xcc	; 204
   004D D8                  141 	.db #0xd8	; 216
   004E D8                  142 	.db #0xd8	; 216
   004F D8                  143 	.db #0xd8	; 216
   0050 D8                  144 	.db #0xd8	; 216
   0051 D8                  145 	.db #0xd8	; 216
   0052 D8                  146 	.db #0xd8	; 216
   0053 CC                  147 	.db #0xcc	; 204
   0054 CC                  148 	.db #0xcc	; 204
   0055 CC                  149 	.db #0xcc	; 204
   0056 CC                  150 	.db #0xcc	; 204
   0057 CC                  151 	.db #0xcc	; 204
   0058 CC                  152 	.db #0xcc	; 204
   0059 E4                  153 	.db #0xe4	; 228
   005A E4                  154 	.db #0xe4	; 228
   005B E4                  155 	.db #0xe4	; 228
   005C CC                  156 	.db #0xcc	; 204
   005D D8                  157 	.db #0xd8	; 216
   005E D8                  158 	.db #0xd8	; 216
   005F D8                  159 	.db #0xd8	; 216
   0060                     160 _g_tileset_03:
   0060 F0                  161 	.db #0xf0	; 240
   0061 C3                  162 	.db #0xc3	; 195
   0062 C3                  163 	.db #0xc3	; 195
   0063 D2                  164 	.db #0xd2	; 210
   0064 D2                  165 	.db #0xd2	; 210
   0065 C3                  166 	.db #0xc3	; 195
   0066 C3                  167 	.db #0xc3	; 195
   0067 F0                  168 	.db #0xf0	; 240
   0068 F0                  169 	.db #0xf0	; 240
   0069 C3                  170 	.db #0xc3	; 195
   006A C3                  171 	.db #0xc3	; 195
   006B D2                  172 	.db #0xd2	; 210
   006C D2                  173 	.db #0xd2	; 210
   006D C3                  174 	.db #0xc3	; 195
   006E C3                  175 	.db #0xc3	; 195
   006F E1                  176 	.db #0xe1	; 225
   0070 F0                  177 	.db #0xf0	; 240
   0071 C3                  178 	.db #0xc3	; 195
   0072 C3                  179 	.db #0xc3	; 195
   0073 F0                  180 	.db #0xf0	; 240
   0074 D2                  181 	.db #0xd2	; 210
   0075 C3                  182 	.db #0xc3	; 195
   0076 C3                  183 	.db #0xc3	; 195
   0077 F0                  184 	.db #0xf0	; 240
   0078 F0                  185 	.db #0xf0	; 240
   0079 C3                  186 	.db #0xc3	; 195
   007A C3                  187 	.db #0xc3	; 195
   007B D2                  188 	.db #0xd2	; 210
   007C D2                  189 	.db #0xd2	; 210
   007D C3                  190 	.db #0xc3	; 195
   007E C3                  191 	.db #0xc3	; 195
   007F F0                  192 	.db #0xf0	; 240
   0080                     193 _g_tileset_04:
   0080 C3                  194 	.db #0xc3	; 195
   0081 C3                  195 	.db #0xc3	; 195
   0082 C3                  196 	.db #0xc3	; 195
   0083 C3                  197 	.db #0xc3	; 195
   0084 C3                  198 	.db #0xc3	; 195
   0085 C3                  199 	.db #0xc3	; 195
   0086 C3                  200 	.db #0xc3	; 195
   0087 C3                  201 	.db #0xc3	; 195
   0088 C3                  202 	.db #0xc3	; 195
   0089 C3                  203 	.db #0xc3	; 195
   008A C3                  204 	.db #0xc3	; 195
   008B C3                  205 	.db #0xc3	; 195
   008C C3                  206 	.db #0xc3	; 195
   008D C3                  207 	.db #0xc3	; 195
   008E C3                  208 	.db #0xc3	; 195
   008F C3                  209 	.db #0xc3	; 195
   0090 C3                  210 	.db #0xc3	; 195
   0091 C3                  211 	.db #0xc3	; 195
   0092 C3                  212 	.db #0xc3	; 195
   0093 C3                  213 	.db #0xc3	; 195
   0094 C3                  214 	.db #0xc3	; 195
   0095 C3                  215 	.db #0xc3	; 195
   0096 C3                  216 	.db #0xc3	; 195
   0097 C3                  217 	.db #0xc3	; 195
   0098 C3                  218 	.db #0xc3	; 195
   0099 C3                  219 	.db #0xc3	; 195
   009A C3                  220 	.db #0xc3	; 195
   009B C3                  221 	.db #0xc3	; 195
   009C C3                  222 	.db #0xc3	; 195
   009D C3                  223 	.db #0xc3	; 195
   009E C3                  224 	.db #0xc3	; 195
   009F C3                  225 	.db #0xc3	; 195
   00A0                     226 _g_tileset_05:
   00A0 F0                  227 	.db #0xf0	; 240
   00A1 F0                  228 	.db #0xf0	; 240
   00A2 F0                  229 	.db #0xf0	; 240
   00A3 F0                  230 	.db #0xf0	; 240
   00A4 C3                  231 	.db #0xc3	; 195
   00A5 E1                  232 	.db #0xe1	; 225
   00A6 F0                  233 	.db #0xf0	; 240
   00A7 F0                  234 	.db #0xf0	; 240
   00A8 F0                  235 	.db #0xf0	; 240
   00A9 C3                  236 	.db #0xc3	; 195
   00AA C3                  237 	.db #0xc3	; 195
   00AB C3                  238 	.db #0xc3	; 195
   00AC C3                  239 	.db #0xc3	; 195
   00AD C3                  240 	.db #0xc3	; 195
   00AE E1                  241 	.db #0xe1	; 225
   00AF F0                  242 	.db #0xf0	; 240
   00B0 E1                  243 	.db #0xe1	; 225
   00B1 C3                  244 	.db #0xc3	; 195
   00B2 C3                  245 	.db #0xc3	; 195
   00B3 C3                  246 	.db #0xc3	; 195
   00B4 C3                  247 	.db #0xc3	; 195
   00B5 C3                  248 	.db #0xc3	; 195
   00B6 C3                  249 	.db #0xc3	; 195
   00B7 E1                  250 	.db #0xe1	; 225
   00B8 E1                  251 	.db #0xe1	; 225
   00B9 C3                  252 	.db #0xc3	; 195
   00BA E1                  253 	.db #0xe1	; 225
   00BB C3                  254 	.db #0xc3	; 195
   00BC E1                  255 	.db #0xe1	; 225
   00BD D2                  256 	.db #0xd2	; 210
   00BE C3                  257 	.db #0xc3	; 195
   00BF F0                  258 	.db #0xf0	; 240
   00C0                     259 _g_tileset_06:
   00C0 F0                  260 	.db #0xf0	; 240
   00C1 F0                  261 	.db #0xf0	; 240
   00C2 F0                  262 	.db #0xf0	; 240
   00C3 F0                  263 	.db #0xf0	; 240
   00C4 F0                  264 	.db #0xf0	; 240
   00C5 F0                  265 	.db #0xf0	; 240
   00C6 D2                  266 	.db #0xd2	; 210
   00C7 C3                  267 	.db #0xc3	; 195
   00C8 C3                  268 	.db #0xc3	; 195
   00C9 C3                  269 	.db #0xc3	; 195
   00CA C3                  270 	.db #0xc3	; 195
   00CB F0                  271 	.db #0xf0	; 240
   00CC F0                  272 	.db #0xf0	; 240
   00CD D2                  273 	.db #0xd2	; 210
   00CE C3                  274 	.db #0xc3	; 195
   00CF C3                  275 	.db #0xc3	; 195
   00D0 C3                  276 	.db #0xc3	; 195
   00D1 C3                  277 	.db #0xc3	; 195
   00D2 C3                  278 	.db #0xc3	; 195
   00D3 D2                  279 	.db #0xd2	; 210
   00D4 D2                  280 	.db #0xd2	; 210
   00D5 C3                  281 	.db #0xc3	; 195
   00D6 C3                  282 	.db #0xc3	; 195
   00D7 C3                  283 	.db #0xc3	; 195
   00D8 C3                  284 	.db #0xc3	; 195
   00D9 C3                  285 	.db #0xc3	; 195
   00DA C3                  286 	.db #0xc3	; 195
   00DB D2                  287 	.db #0xd2	; 210
   00DC F0                  288 	.db #0xf0	; 240
   00DD C3                  289 	.db #0xc3	; 195
   00DE C3                  290 	.db #0xc3	; 195
   00DF C3                  291 	.db #0xc3	; 195
   00E0                     292 _g_tileset_07:
   00E0 E1                  293 	.db #0xe1	; 225
   00E1 C3                  294 	.db #0xc3	; 195
   00E2 C3                  295 	.db #0xc3	; 195
   00E3 C3                  296 	.db #0xc3	; 195
   00E4 C3                  297 	.db #0xc3	; 195
   00E5 C3                  298 	.db #0xc3	; 195
   00E6 C3                  299 	.db #0xc3	; 195
   00E7 E1                  300 	.db #0xe1	; 225
   00E8 F0                  301 	.db #0xf0	; 240
   00E9 C3                  302 	.db #0xc3	; 195
   00EA C3                  303 	.db #0xc3	; 195
   00EB C3                  304 	.db #0xc3	; 195
   00EC C3                  305 	.db #0xc3	; 195
   00ED C3                  306 	.db #0xc3	; 195
   00EE C3                  307 	.db #0xc3	; 195
   00EF E1                  308 	.db #0xe1	; 225
   00F0 F0                  309 	.db #0xf0	; 240
   00F1 F0                  310 	.db #0xf0	; 240
   00F2 E1                  311 	.db #0xe1	; 225
   00F3 C3                  312 	.db #0xc3	; 195
   00F4 F0                  313 	.db #0xf0	; 240
   00F5 F0                  314 	.db #0xf0	; 240
   00F6 F0                  315 	.db #0xf0	; 240
   00F7 F0                  316 	.db #0xf0	; 240
   00F8 F0                  317 	.db #0xf0	; 240
   00F9 E1                  318 	.db #0xe1	; 225
   00FA C3                  319 	.db #0xc3	; 195
   00FB C3                  320 	.db #0xc3	; 195
   00FC C3                  321 	.db #0xc3	; 195
   00FD C3                  322 	.db #0xc3	; 195
   00FE C3                  323 	.db #0xc3	; 195
   00FF F0                  324 	.db #0xf0	; 240
   0100                     325 _g_tileset_08:
   0100 C3                  326 	.db #0xc3	; 195
   0101 C3                  327 	.db #0xc3	; 195
   0102 C3                  328 	.db #0xc3	; 195
   0103 D2                  329 	.db #0xd2	; 210
   0104 D2                  330 	.db #0xd2	; 210
   0105 C3                  331 	.db #0xc3	; 195
   0106 C3                  332 	.db #0xc3	; 195
   0107 C3                  333 	.db #0xc3	; 195
   0108 C3                  334 	.db #0xc3	; 195
   0109 C3                  335 	.db #0xc3	; 195
   010A C3                  336 	.db #0xc3	; 195
   010B F0                  337 	.db #0xf0	; 240
   010C D2                  338 	.db #0xd2	; 210
   010D C3                  339 	.db #0xc3	; 195
   010E C3                  340 	.db #0xc3	; 195
   010F C3                  341 	.db #0xc3	; 195
   0110 C3                  342 	.db #0xc3	; 195
   0111 D2                  343 	.db #0xd2	; 210
   0112 F0                  344 	.db #0xf0	; 240
   0113 F0                  345 	.db #0xf0	; 240
   0114 F0                  346 	.db #0xf0	; 240
   0115 F0                  347 	.db #0xf0	; 240
   0116 F0                  348 	.db #0xf0	; 240
   0117 F0                  349 	.db #0xf0	; 240
   0118 C3                  350 	.db #0xc3	; 195
   0119 C3                  351 	.db #0xc3	; 195
   011A D2                  352 	.db #0xd2	; 210
   011B F0                  353 	.db #0xf0	; 240
   011C F0                  354 	.db #0xf0	; 240
   011D C3                  355 	.db #0xc3	; 195
   011E C3                  356 	.db #0xc3	; 195
   011F C3                  357 	.db #0xc3	; 195
   0120                     358 _g_tileset_09:
   0120 C3                  359 	.db #0xc3	; 195
   0121 C3                  360 	.db #0xc3	; 195
   0122 C3                  361 	.db #0xc3	; 195
   0123 C3                  362 	.db #0xc3	; 195
   0124 C3                  363 	.db #0xc3	; 195
   0125 C3                  364 	.db #0xc3	; 195
   0126 C3                  365 	.db #0xc3	; 195
   0127 C3                  366 	.db #0xc3	; 195
   0128 C3                  367 	.db #0xc3	; 195
   0129 C3                  368 	.db #0xc3	; 195
   012A C3                  369 	.db #0xc3	; 195
   012B C3                  370 	.db #0xc3	; 195
   012C C3                  371 	.db #0xc3	; 195
   012D C3                  372 	.db #0xc3	; 195
   012E C3                  373 	.db #0xc3	; 195
   012F C3                  374 	.db #0xc3	; 195
   0130 C3                  375 	.db #0xc3	; 195
   0131 C3                  376 	.db #0xc3	; 195
   0132 C3                  377 	.db #0xc3	; 195
   0133 C3                  378 	.db #0xc3	; 195
   0134 C3                  379 	.db #0xc3	; 195
   0135 C3                  380 	.db #0xc3	; 195
   0136 C3                  381 	.db #0xc3	; 195
   0137 C3                  382 	.db #0xc3	; 195
   0138 C3                  383 	.db #0xc3	; 195
   0139 C3                  384 	.db #0xc3	; 195
   013A C3                  385 	.db #0xc3	; 195
   013B C3                  386 	.db #0xc3	; 195
   013C C3                  387 	.db #0xc3	; 195
   013D C3                  388 	.db #0xc3	; 195
   013E C3                  389 	.db #0xc3	; 195
   013F C3                  390 	.db #0xc3	; 195
   0140                     391 _g_tileset_10:
   0140 F0                  392 	.db #0xf0	; 240
   0141 C3                  393 	.db #0xc3	; 195
   0142 C7                  394 	.db #0xc7	; 199
   0143 F0                  395 	.db #0xf0	; 240
   0144 F0                  396 	.db #0xf0	; 240
   0145 C7                  397 	.db #0xc7	; 199
   0146 C3                  398 	.db #0xc3	; 195
   0147 F0                  399 	.db #0xf0	; 240
   0148 F0                  400 	.db #0xf0	; 240
   0149 C3                  401 	.db #0xc3	; 195
   014A CB                  402 	.db #0xcb	; 203
   014B F0                  403 	.db #0xf0	; 240
   014C F0                  404 	.db #0xf0	; 240
   014D C3                  405 	.db #0xc3	; 195
   014E C3                  406 	.db #0xc3	; 195
   014F F0                  407 	.db #0xf0	; 240
   0150 F0                  408 	.db #0xf0	; 240
   0151 C3                  409 	.db #0xc3	; 195
   0152 C7                  410 	.db #0xc7	; 199
   0153 F0                  411 	.db #0xf0	; 240
   0154 F0                  412 	.db #0xf0	; 240
   0155 C7                  413 	.db #0xc7	; 199
   0156 C3                  414 	.db #0xc3	; 195
   0157 F0                  415 	.db #0xf0	; 240
   0158 F0                  416 	.db #0xf0	; 240
   0159 C7                  417 	.db #0xc7	; 199
   015A C3                  418 	.db #0xc3	; 195
   015B F0                  419 	.db #0xf0	; 240
   015C F0                  420 	.db #0xf0	; 240
   015D C3                  421 	.db #0xc3	; 195
   015E C3                  422 	.db #0xc3	; 195
   015F F0                  423 	.db #0xf0	; 240
   0160                     424 _g_tileset_11:
   0160 F0                  425 	.db #0xf0	; 240
   0161 F0                  426 	.db #0xf0	; 240
   0162 F0                  427 	.db #0xf0	; 240
   0163 F0                  428 	.db #0xf0	; 240
   0164 F0                  429 	.db #0xf0	; 240
   0165 F0                  430 	.db #0xf0	; 240
   0166 F0                  431 	.db #0xf0	; 240
   0167 F0                  432 	.db #0xf0	; 240
   0168 F0                  433 	.db #0xf0	; 240
   0169 F0                  434 	.db #0xf0	; 240
   016A C3                  435 	.db #0xc3	; 195
   016B C3                  436 	.db #0xc3	; 195
   016C C3                  437 	.db #0xc3	; 195
   016D F0                  438 	.db #0xf0	; 240
   016E F0                  439 	.db #0xf0	; 240
   016F F0                  440 	.db #0xf0	; 240
   0170 F0                  441 	.db #0xf0	; 240
   0171 C3                  442 	.db #0xc3	; 195
   0172 C3                  443 	.db #0xc3	; 195
   0173 C3                  444 	.db #0xc3	; 195
   0174 F0                  445 	.db #0xf0	; 240
   0175 C3                  446 	.db #0xc3	; 195
   0176 C3                  447 	.db #0xc3	; 195
   0177 F0                  448 	.db #0xf0	; 240
   0178 F0                  449 	.db #0xf0	; 240
   0179 C3                  450 	.db #0xc3	; 195
   017A C3                  451 	.db #0xc3	; 195
   017B C3                  452 	.db #0xc3	; 195
   017C C3                  453 	.db #0xc3	; 195
   017D C3                  454 	.db #0xc3	; 195
   017E C3                  455 	.db #0xc3	; 195
   017F F0                  456 	.db #0xf0	; 240
   0180                     457 _g_tileset_12:
   0180 F0                  458 	.db #0xf0	; 240
   0181 F0                  459 	.db #0xf0	; 240
   0182 F0                  460 	.db #0xf0	; 240
   0183 F0                  461 	.db #0xf0	; 240
   0184 F0                  462 	.db #0xf0	; 240
   0185 F0                  463 	.db #0xf0	; 240
   0186 F0                  464 	.db #0xf0	; 240
   0187 F0                  465 	.db #0xf0	; 240
   0188 C3                  466 	.db #0xc3	; 195
   0189 C3                  467 	.db #0xc3	; 195
   018A F0                  468 	.db #0xf0	; 240
   018B F0                  469 	.db #0xf0	; 240
   018C F0                  470 	.db #0xf0	; 240
   018D F0                  471 	.db #0xf0	; 240
   018E F0                  472 	.db #0xf0	; 240
   018F C3                  473 	.db #0xc3	; 195
   0190 C3                  474 	.db #0xc3	; 195
   0191 C3                  475 	.db #0xc3	; 195
   0192 C3                  476 	.db #0xc3	; 195
   0193 F0                  477 	.db #0xf0	; 240
   0194 F0                  478 	.db #0xf0	; 240
   0195 C3                  479 	.db #0xc3	; 195
   0196 C3                  480 	.db #0xc3	; 195
   0197 F0                  481 	.db #0xf0	; 240
   0198 C3                  482 	.db #0xc3	; 195
   0199 C3                  483 	.db #0xc3	; 195
   019A C3                  484 	.db #0xc3	; 195
   019B F0                  485 	.db #0xf0	; 240
   019C F0                  486 	.db #0xf0	; 240
   019D C3                  487 	.db #0xc3	; 195
   019E C3                  488 	.db #0xc3	; 195
   019F C3                  489 	.db #0xc3	; 195
   01A0                     490 _g_tileset_13:
   01A0 F0                  491 	.db #0xf0	; 240
   01A1 CB                  492 	.db #0xcb	; 203
   01A2 C3                  493 	.db #0xc3	; 195
   01A3 F0                  494 	.db #0xf0	; 240
   01A4 F0                  495 	.db #0xf0	; 240
   01A5 C3                  496 	.db #0xc3	; 195
   01A6 CB                  497 	.db #0xcb	; 203
   01A7 F0                  498 	.db #0xf0	; 240
   01A8 F0                  499 	.db #0xf0	; 240
   01A9 C7                  500 	.db #0xc7	; 199
   01AA C3                  501 	.db #0xc3	; 195
   01AB F0                  502 	.db #0xf0	; 240
   01AC F0                  503 	.db #0xf0	; 240
   01AD C3                  504 	.db #0xc3	; 195
   01AE C3                  505 	.db #0xc3	; 195
   01AF F0                  506 	.db #0xf0	; 240
   01B0 F0                  507 	.db #0xf0	; 240
   01B1 CB                  508 	.db #0xcb	; 203
   01B2 C3                  509 	.db #0xc3	; 195
   01B3 F0                  510 	.db #0xf0	; 240
   01B4 F0                  511 	.db #0xf0	; 240
   01B5 C3                  512 	.db #0xc3	; 195
   01B6 CB                  513 	.db #0xcb	; 203
   01B7 F0                  514 	.db #0xf0	; 240
   01B8 F0                  515 	.db #0xf0	; 240
   01B9 C3                  516 	.db #0xc3	; 195
   01BA CB                  517 	.db #0xcb	; 203
   01BB F0                  518 	.db #0xf0	; 240
   01BC F0                  519 	.db #0xf0	; 240
   01BD C3                  520 	.db #0xc3	; 195
   01BE C3                  521 	.db #0xc3	; 195
   01BF F0                  522 	.db #0xf0	; 240
   01C0                     523 _g_tileset_14:
   01C0 F0                  524 	.db #0xf0	; 240
   01C1 F0                  525 	.db #0xf0	; 240
   01C2 F0                  526 	.db #0xf0	; 240
   01C3 F0                  527 	.db #0xf0	; 240
   01C4 F0                  528 	.db #0xf0	; 240
   01C5 F0                  529 	.db #0xf0	; 240
   01C6 F0                  530 	.db #0xf0	; 240
   01C7 F0                  531 	.db #0xf0	; 240
   01C8 F0                  532 	.db #0xf0	; 240
   01C9 F0                  533 	.db #0xf0	; 240
   01CA F0                  534 	.db #0xf0	; 240
   01CB F0                  535 	.db #0xf0	; 240
   01CC F0                  536 	.db #0xf0	; 240
   01CD F0                  537 	.db #0xf0	; 240
   01CE F0                  538 	.db #0xf0	; 240
   01CF F0                  539 	.db #0xf0	; 240
   01D0 F0                  540 	.db #0xf0	; 240
   01D1 F0                  541 	.db #0xf0	; 240
   01D2 F0                  542 	.db #0xf0	; 240
   01D3 F0                  543 	.db #0xf0	; 240
   01D4 F0                  544 	.db #0xf0	; 240
   01D5 F0                  545 	.db #0xf0	; 240
   01D6 F0                  546 	.db #0xf0	; 240
   01D7 F0                  547 	.db #0xf0	; 240
   01D8 F0                  548 	.db #0xf0	; 240
   01D9 F0                  549 	.db #0xf0	; 240
   01DA F0                  550 	.db #0xf0	; 240
   01DB F0                  551 	.db #0xf0	; 240
   01DC F0                  552 	.db #0xf0	; 240
   01DD F0                  553 	.db #0xf0	; 240
   01DE F0                  554 	.db #0xf0	; 240
   01DF F0                  555 	.db #0xf0	; 240
   01E0                     556 _g_tileset_15:
   01E0 F0                  557 	.db #0xf0	; 240
   01E1 F0                  558 	.db #0xf0	; 240
   01E2 F0                  559 	.db #0xf0	; 240
   01E3 F0                  560 	.db #0xf0	; 240
   01E4 F0                  561 	.db #0xf0	; 240
   01E5 F0                  562 	.db #0xf0	; 240
   01E6 F0                  563 	.db #0xf0	; 240
   01E7 F0                  564 	.db #0xf0	; 240
   01E8 F0                  565 	.db #0xf0	; 240
   01E9 F0                  566 	.db #0xf0	; 240
   01EA F0                  567 	.db #0xf0	; 240
   01EB F0                  568 	.db #0xf0	; 240
   01EC F0                  569 	.db #0xf0	; 240
   01ED F0                  570 	.db #0xf0	; 240
   01EE F0                  571 	.db #0xf0	; 240
   01EF F0                  572 	.db #0xf0	; 240
   01F0 F0                  573 	.db #0xf0	; 240
   01F1 F0                  574 	.db #0xf0	; 240
   01F2 F0                  575 	.db #0xf0	; 240
   01F3 F0                  576 	.db #0xf0	; 240
   01F4 F0                  577 	.db #0xf0	; 240
   01F5 F0                  578 	.db #0xf0	; 240
   01F6 F0                  579 	.db #0xf0	; 240
   01F7 F0                  580 	.db #0xf0	; 240
   01F8 F0                  581 	.db #0xf0	; 240
   01F9 F0                  582 	.db #0xf0	; 240
   01FA F0                  583 	.db #0xf0	; 240
   01FB F0                  584 	.db #0xf0	; 240
   01FC F0                  585 	.db #0xf0	; 240
   01FD F0                  586 	.db #0xf0	; 240
   01FE F0                  587 	.db #0xf0	; 240
   01FF F0                  588 	.db #0xf0	; 240
   0200                     589 _g_tileset_16:
   0200 F0                  590 	.db #0xf0	; 240
   0201 F0                  591 	.db #0xf0	; 240
   0202 F0                  592 	.db #0xf0	; 240
   0203 F0                  593 	.db #0xf0	; 240
   0204 F0                  594 	.db #0xf0	; 240
   0205 F0                  595 	.db #0xf0	; 240
   0206 F0                  596 	.db #0xf0	; 240
   0207 F0                  597 	.db #0xf0	; 240
   0208 F0                  598 	.db #0xf0	; 240
   0209 F0                  599 	.db #0xf0	; 240
   020A F0                  600 	.db #0xf0	; 240
   020B F0                  601 	.db #0xf0	; 240
   020C F0                  602 	.db #0xf0	; 240
   020D F0                  603 	.db #0xf0	; 240
   020E F0                  604 	.db #0xf0	; 240
   020F F0                  605 	.db #0xf0	; 240
   0210 F0                  606 	.db #0xf0	; 240
   0211 F0                  607 	.db #0xf0	; 240
   0212 F0                  608 	.db #0xf0	; 240
   0213 F0                  609 	.db #0xf0	; 240
   0214 F0                  610 	.db #0xf0	; 240
   0215 F0                  611 	.db #0xf0	; 240
   0216 F0                  612 	.db #0xf0	; 240
   0217 F0                  613 	.db #0xf0	; 240
   0218 F0                  614 	.db #0xf0	; 240
   0219 F0                  615 	.db #0xf0	; 240
   021A F0                  616 	.db #0xf0	; 240
   021B F0                  617 	.db #0xf0	; 240
   021C F0                  618 	.db #0xf0	; 240
   021D F0                  619 	.db #0xf0	; 240
   021E F0                  620 	.db #0xf0	; 240
   021F F0                  621 	.db #0xf0	; 240
   0220                     622 _g_tileset_17:
   0220 F0                  623 	.db #0xf0	; 240
   0221 F0                  624 	.db #0xf0	; 240
   0222 F0                  625 	.db #0xf0	; 240
   0223 F0                  626 	.db #0xf0	; 240
   0224 F0                  627 	.db #0xf0	; 240
   0225 F0                  628 	.db #0xf0	; 240
   0226 F0                  629 	.db #0xf0	; 240
   0227 F0                  630 	.db #0xf0	; 240
   0228 F0                  631 	.db #0xf0	; 240
   0229 F0                  632 	.db #0xf0	; 240
   022A F0                  633 	.db #0xf0	; 240
   022B F0                  634 	.db #0xf0	; 240
   022C F0                  635 	.db #0xf0	; 240
   022D F0                  636 	.db #0xf0	; 240
   022E F0                  637 	.db #0xf0	; 240
   022F F0                  638 	.db #0xf0	; 240
   0230 F0                  639 	.db #0xf0	; 240
   0231 F0                  640 	.db #0xf0	; 240
   0232 F0                  641 	.db #0xf0	; 240
   0233 F0                  642 	.db #0xf0	; 240
   0234 F0                  643 	.db #0xf0	; 240
   0235 F0                  644 	.db #0xf0	; 240
   0236 F0                  645 	.db #0xf0	; 240
   0237 F0                  646 	.db #0xf0	; 240
   0238 F0                  647 	.db #0xf0	; 240
   0239 F0                  648 	.db #0xf0	; 240
   023A F0                  649 	.db #0xf0	; 240
   023B F0                  650 	.db #0xf0	; 240
   023C F0                  651 	.db #0xf0	; 240
   023D F0                  652 	.db #0xf0	; 240
   023E F0                  653 	.db #0xf0	; 240
   023F F0                  654 	.db #0xf0	; 240
                            655 	.area _INITIALIZER
                            656 	.area _CABS (ABS)
